[[1]]
 [1] ""                                                                                                                                                                         
 [2] "method = sample (Default)"                                                                                                                                                
 [3] "  sample"                                                                                                                                                                 
 [4] "    num_samples = 1000 (Default)"                                                                                                                                         
 [5] "    num_warmup = 1000 (Default)"                                                                                                                                          
 [6] "    save_warmup = false (Default)"                                                                                                                                        
 [7] "    thin = 1 (Default)"                                                                                                                                                   
 [8] "    adapt"                                                                                                                                                                
 [9] "      engaged = true (Default)"                                                                                                                                           
[10] "      gamma = 0.05 (Default)"                                                                                                                                             
[11] "      delta = 0.8 (Default)"                                                                                                                                              
[12] "      kappa = 0.75 (Default)"                                                                                                                                             
[13] "      t0 = 10 (Default)"                                                                                                                                                  
[14] "      init_buffer = 75 (Default)"                                                                                                                                         
[15] "      term_buffer = 50 (Default)"                                                                                                                                         
[16] "      window = 25 (Default)"                                                                                                                                              
[17] "      save_metric = false (Default)"                                                                                                                                      
[18] "    algorithm = hmc (Default)"                                                                                                                                            
[19] "      hmc"                                                                                                                                                                
[20] "        engine = nuts (Default)"                                                                                                                                          
[21] "          nuts"                                                                                                                                                           
[22] "            max_depth = 10 (Default)"                                                                                                                                     
[23] "        metric = diag_e (Default)"                                                                                                                                        
[24] "        metric_file =  (Default)"                                                                                                                                         
[25] "        stepsize = 1 (Default)"                                                                                                                                           
[26] "        stepsize_jitter = 0 (Default)"                                                                                                                                    
[27] "    num_chains = 1 (Default)"                                                                                                                                             
[28] "id = 1 (Default)"                                                                                                                                                         
[29] "data"                                                                                                                                                                     
[30] "  file = /var/folders/wx/6p8jgr7s0nx_7lx14s4gf99c0000gn/T/RtmpAMHewn/standata-aafb5d0748f6.json"                                                                          
[31] "init = /var/folders/wx/6p8jgr7s0nx_7lx14s4gf99c0000gn/T/RtmpAMHewn/init-aafb9473e31_1.json"                                                                               
[32] "random"                                                                                                                                                                   
[33] "  seed = 1749394583"                                                                                                                                                      
[34] "output"                                                                                                                                                                   
[35] "  file = /var/folders/wx/6p8jgr7s0nx_7lx14s4gf99c0000gn/T/RtmpAMHewn/lilace-202509040533-1-357d5f.csv"                                                                    
[36] "  diagnostic_file =  (Default)"                                                                                                                                           
[37] "  refresh = 250"                                                                                                                                                          
[38] "  sig_figs = 8 (Default)"                                                                                                                                                 
[39] "  profile_file = /var/folders/wx/6p8jgr7s0nx_7lx14s4gf99c0000gn/T/RtmpAMHewn/lilace-profile-202509040533-1-6737cd.csv"                                                    
[40] "  save_cmdstan_config = false (Default)"                                                                                                                                  
[41] "num_threads = 1 (Default)"                                                                                                                                                
[42] ""                                                                                                                                                                         
[43] "Rejecting initial value:"                                                                                                                                                 
[44] "  Log probability evaluates to log(0), i.e. negative infinity."                                                                                                           
[45] "  Stan can't start sampling from this initial value."                                                                                                                     
[46] ""                                                                                                                                                                         
[47] "Gradient evaluation took 0.03401 seconds"                                                                                                                                 
[48] "1000 transitions using 10 leapfrog steps per transition would take 340.1 seconds."                                                                                        
[49] "Adjust your expectations accordingly!"                                                                                                                                    
[50] ""                                                                                                                                                                         
[51] ""                                                                                                                                                                         
[52] "Informational Message: The current Metropolis proposal is about to be rejected because of the following issue:"                                                           
[53] "Exception: Phi: x is nan, but must be not nan! (in '/var/folders/wx/6p8jgr7s0nx_7lx14s4gf99c0000gn/T/RtmpAMHewn/model-aafb14544a92.stan', line 88, column 2 to column 65)"
[54] "If this warning occurs sporadically, such as for highly constrained variable types like covariance matrices, then the sampler is fine,"                                   
[55] "but if this warning occurs often then your model may be either severely ill-conditioned or misspecified."                                                                 
[56] ""                                                                                                                                                                         
[57] "Informational Message: The current Metropolis proposal is about to be rejected because of the following issue:"                                                           
[58] "Exception: Phi: x is nan, but must be not nan! (in '/var/folders/wx/6p8jgr7s0nx_7lx14s4gf99c0000gn/T/RtmpAMHewn/model-aafb14544a92.stan', line 88, column 2 to column 65)"
[59] "If this warning occurs sporadically, such as for highly constrained variable types like covariance matrices, then the sampler is fine,"                                   
[60] "but if this warning occurs often then your model may be either severely ill-conditioned or misspecified."                                                                 
[61] ""                                                                                                                                                                         
[62] "Informational Message: The current Metropolis proposal is about to be rejected because of the following issue:"                                                           
[63] "Exception: Phi: x is nan, but must be not nan! (in '/var/folders/wx/6p8jgr7s0nx_7lx14s4gf99c0000gn/T/RtmpAMHewn/model-aafb14544a92.stan', line 88, column 2 to column 65)"
[64] "If this warning occurs sporadically, such as for highly constrained variable types like covariance matrices, then the sampler is fine,"                                   
[65] "but if this warning occurs often then your model may be either severely ill-conditioned or misspecified."                                                                 
[66] ""                                                                                                                                                                         
[67] "Iteration:    1 / 2000 [  0%]  (Warmup)"                                                                                                                                  
[68] "Informational Message: The current Metropolis proposal is about to be rejected because of the following issue:"                                                           
[69] "Exception: Phi: x is nan, but must be not nan! (in '/var/folders/wx/6p8jgr7s0nx_7lx14s4gf99c0000gn/T/RtmpAMHewn/model-aafb14544a92.stan', line 88, column 2 to column 65)"
[70] "If this warning occurs sporadically, such as for highly constrained variable types like covariance matrices, then the sampler is fine,"                                   
[71] "but if this warning occurs often then your model may be either severely ill-conditioned or misspecified."                                                                 
[72] ""                                                                                                                                                                         
[73] "Informational Message: The current Metropolis proposal is about to be rejected because of the following issue:"                                                           
[74] "Exception: Phi: x is nan, but must be not nan! (in '/var/folders/wx/6p8jgr7s0nx_7lx14s4gf99c0000gn/T/RtmpAMHewn/model-aafb14544a92.stan', line 88, column 2 to column 65)"
[75] "If this warning occurs sporadically, such as for highly constrained variable types like covariance matrices, then the sampler is fine,"                                   
[76] "but if this warning occurs often then your model may be either severely ill-conditioned or misspecified."                                                                 
[77] ""                                                                                                                                                                         
[78] "Iteration:  250 / 2000 [ 12%]  (Warmup)"                                                                                                                                  
[79] "Iteration:  500 / 2000 [ 25%]  (Warmup)"                                                                                                                                  
[80] "Iteration:  750 / 2000 [ 37%]  (Warmup)"                                                                                                                                  
[81] "Iteration: 1000 / 2000 [ 50%]  (Warmup)"                                                                                                                                  
[82] "Iteration: 1001 / 2000 [ 50%]  (Sampling)"                                                                                                                                
[83] "Iteration: 1250 / 2000 [ 62%]  (Sampling)"                                                                                                                                
[84] "Iteration: 1500 / 2000 [ 75%]  (Sampling)"                                                                                                                                
[85] "Iteration: 1750 / 2000 [ 87%]  (Sampling)"                                                                                                                                
[86] "Iteration: 2000 / 2000 [100%]  (Sampling)"                                                                                                                                
[87] ""                                                                                                                                                                         
[88] " Elapsed Time: 2992.9 seconds (Warm-up)"                                                                                                                                  
[89] "               714.034 seconds (Sampling)"                                                                                                                                
[90] "               3706.93 seconds (Total)"                                                                                                                                   
[91] ""                                                                                                                                                                         

[[2]]
 [1] ""                                                                                                                                                                         
 [2] "method = sample (Default)"                                                                                                                                                
 [3] "  sample"                                                                                                                                                                 
 [4] "    num_samples = 1000 (Default)"                                                                                                                                         
 [5] "    num_warmup = 1000 (Default)"                                                                                                                                          
 [6] "    save_warmup = false (Default)"                                                                                                                                        
 [7] "    thin = 1 (Default)"                                                                                                                                                   
 [8] "    adapt"                                                                                                                                                                
 [9] "      engaged = true (Default)"                                                                                                                                           
[10] "      gamma = 0.05 (Default)"                                                                                                                                             
[11] "      delta = 0.8 (Default)"                                                                                                                                              
[12] "      kappa = 0.75 (Default)"                                                                                                                                             
[13] "      t0 = 10 (Default)"                                                                                                                                                  
[14] "      init_buffer = 75 (Default)"                                                                                                                                         
[15] "      term_buffer = 50 (Default)"                                                                                                                                         
[16] "      window = 25 (Default)"                                                                                                                                              
[17] "      save_metric = false (Default)"                                                                                                                                      
[18] "    algorithm = hmc (Default)"                                                                                                                                            
[19] "      hmc"                                                                                                                                                                
[20] "        engine = nuts (Default)"                                                                                                                                          
[21] "          nuts"                                                                                                                                                           
[22] "            max_depth = 10 (Default)"                                                                                                                                     
[23] "        metric = diag_e (Default)"                                                                                                                                        
[24] "        metric_file =  (Default)"                                                                                                                                         
[25] "        stepsize = 1 (Default)"                                                                                                                                           
[26] "        stepsize_jitter = 0 (Default)"                                                                                                                                    
[27] "    num_chains = 1 (Default)"                                                                                                                                             
[28] "id = 2"                                                                                                                                                                   
[29] "data"                                                                                                                                                                     
[30] "  file = /var/folders/wx/6p8jgr7s0nx_7lx14s4gf99c0000gn/T/RtmpAMHewn/standata-aafb5d0748f6.json"                                                                          
[31] "init = /var/folders/wx/6p8jgr7s0nx_7lx14s4gf99c0000gn/T/RtmpAMHewn/init-aafb9473e31_2.json"                                                                               
[32] "random"                                                                                                                                                                   
[33] "  seed = 1749394583"                                                                                                                                                      
[34] "output"                                                                                                                                                                   
[35] "  file = /var/folders/wx/6p8jgr7s0nx_7lx14s4gf99c0000gn/T/RtmpAMHewn/lilace-202509040533-2-357d5f.csv"                                                                    
[36] "  diagnostic_file =  (Default)"                                                                                                                                           
[37] "  refresh = 250"                                                                                                                                                          
[38] "  sig_figs = 8 (Default)"                                                                                                                                                 
[39] "  profile_file = /var/folders/wx/6p8jgr7s0nx_7lx14s4gf99c0000gn/T/RtmpAMHewn/lilace-profile-202509040533-2-6737cd.csv"                                                    
[40] "  save_cmdstan_config = false (Default)"                                                                                                                                  
[41] "num_threads = 1 (Default)"                                                                                                                                                
[42] ""                                                                                                                                                                         
[43] ""                                                                                                                                                                         
[44] "Gradient evaluation took 0.033083 seconds"                                                                                                                                
[45] "1000 transitions using 10 leapfrog steps per transition would take 330.83 seconds."                                                                                       
[46] "Adjust your expectations accordingly!"                                                                                                                                    
[47] ""                                                                                                                                                                         
[48] ""                                                                                                                                                                         
[49] "Iteration:    1 / 2000 [  0%]  (Warmup)"                                                                                                                                  
[50] "Informational Message: The current Metropolis proposal is about to be rejected because of the following issue:"                                                           
[51] "Exception: Phi: x is nan, but must be not nan! (in '/var/folders/wx/6p8jgr7s0nx_7lx14s4gf99c0000gn/T/RtmpAMHewn/model-aafb14544a92.stan', line 88, column 2 to column 65)"
[52] "If this warning occurs sporadically, such as for highly constrained variable types like covariance matrices, then the sampler is fine,"                                   
[53] "but if this warning occurs often then your model may be either severely ill-conditioned or misspecified."                                                                 
[54] ""                                                                                                                                                                         
[55] "Informational Message: The current Metropolis proposal is about to be rejected because of the following issue:"                                                           
[56] "Exception: Phi: x is nan, but must be not nan! (in '/var/folders/wx/6p8jgr7s0nx_7lx14s4gf99c0000gn/T/RtmpAMHewn/model-aafb14544a92.stan', line 88, column 2 to column 65)"
[57] "If this warning occurs sporadically, such as for highly constrained variable types like covariance matrices, then the sampler is fine,"                                   
[58] "but if this warning occurs often then your model may be either severely ill-conditioned or misspecified."                                                                 
[59] ""                                                                                                                                                                         
[60] "Iteration:  250 / 2000 [ 12%]  (Warmup)"                                                                                                                                  
[61] "Iteration:  500 / 2000 [ 25%]  (Warmup)"                                                                                                                                  
[62] "Iteration:  750 / 2000 [ 37%]  (Warmup)"                                                                                                                                  
[63] "Iteration: 1000 / 2000 [ 50%]  (Warmup)"                                                                                                                                  
[64] "Iteration: 1001 / 2000 [ 50%]  (Sampling)"                                                                                                                                
[65] "Iteration: 1250 / 2000 [ 62%]  (Sampling)"                                                                                                                                
[66] "Iteration: 1500 / 2000 [ 75%]  (Sampling)"                                                                                                                                
[67] "Iteration: 1750 / 2000 [ 87%]  (Sampling)"                                                                                                                                
[68] "Iteration: 2000 / 2000 [100%]  (Sampling)"                                                                                                                                
[69] ""                                                                                                                                                                         
[70] " Elapsed Time: 2859.18 seconds (Warm-up)"                                                                                                                                 
[71] "               3369.34 seconds (Sampling)"                                                                                                                                
[72] "               6228.52 seconds (Total)"                                                                                                                                   
[73] ""                                                                                                                                                                         

[[3]]
 [1] ""                                                                                                                                                                         
 [2] "method = sample (Default)"                                                                                                                                                
 [3] "  sample"                                                                                                                                                                 
 [4] "    num_samples = 1000 (Default)"                                                                                                                                         
 [5] "    num_warmup = 1000 (Default)"                                                                                                                                          
 [6] "    save_warmup = false (Default)"                                                                                                                                        
 [7] "    thin = 1 (Default)"                                                                                                                                                   
 [8] "    adapt"                                                                                                                                                                
 [9] "      engaged = true (Default)"                                                                                                                                           
[10] "      gamma = 0.05 (Default)"                                                                                                                                             
[11] "      delta = 0.8 (Default)"                                                                                                                                              
[12] "      kappa = 0.75 (Default)"                                                                                                                                             
[13] "      t0 = 10 (Default)"                                                                                                                                                  
[14] "      init_buffer = 75 (Default)"                                                                                                                                         
[15] "      term_buffer = 50 (Default)"                                                                                                                                         
[16] "      window = 25 (Default)"                                                                                                                                              
[17] "      save_metric = false (Default)"                                                                                                                                      
[18] "    algorithm = hmc (Default)"                                                                                                                                            
[19] "      hmc"                                                                                                                                                                
[20] "        engine = nuts (Default)"                                                                                                                                          
[21] "          nuts"                                                                                                                                                           
[22] "            max_depth = 10 (Default)"                                                                                                                                     
[23] "        metric = diag_e (Default)"                                                                                                                                        
[24] "        metric_file =  (Default)"                                                                                                                                         
[25] "        stepsize = 1 (Default)"                                                                                                                                           
[26] "        stepsize_jitter = 0 (Default)"                                                                                                                                    
[27] "    num_chains = 1 (Default)"                                                                                                                                             
[28] "id = 3"                                                                                                                                                                   
[29] "data"                                                                                                                                                                     
[30] "  file = /var/folders/wx/6p8jgr7s0nx_7lx14s4gf99c0000gn/T/RtmpAMHewn/standata-aafb5d0748f6.json"                                                                          
[31] "init = /var/folders/wx/6p8jgr7s0nx_7lx14s4gf99c0000gn/T/RtmpAMHewn/init-aafb9473e31_3.json"                                                                               
[32] "random"                                                                                                                                                                   
[33] "  seed = 1749394583"                                                                                                                                                      
[34] "output"                                                                                                                                                                   
[35] "  file = /var/folders/wx/6p8jgr7s0nx_7lx14s4gf99c0000gn/T/RtmpAMHewn/lilace-202509040533-3-357d5f.csv"                                                                    
[36] "  diagnostic_file =  (Default)"                                                                                                                                           
[37] "  refresh = 250"                                                                                                                                                          
[38] "  sig_figs = 8 (Default)"                                                                                                                                                 
[39] "  profile_file = /var/folders/wx/6p8jgr7s0nx_7lx14s4gf99c0000gn/T/RtmpAMHewn/lilace-profile-202509040533-3-6737cd.csv"                                                    
[40] "  save_cmdstan_config = false (Default)"                                                                                                                                  
[41] "num_threads = 1 (Default)"                                                                                                                                                
[42] ""                                                                                                                                                                         
[43] "Rejecting initial value:"                                                                                                                                                 
[44] "  Log probability evaluates to log(0), i.e. negative infinity."                                                                                                           
[45] "  Stan can't start sampling from this initial value."                                                                                                                     
[46] ""                                                                                                                                                                         
[47] "Gradient evaluation took 0.034825 seconds"                                                                                                                                
[48] "1000 transitions using 10 leapfrog steps per transition would take 348.25 seconds."                                                                                       
[49] "Adjust your expectations accordingly!"                                                                                                                                    
[50] ""                                                                                                                                                                         
[51] ""                                                                                                                                                                         
[52] "Informational Message: The current Metropolis proposal is about to be rejected because of the following issue:"                                                           
[53] "Exception: Phi: x is nan, but must be not nan! (in '/var/folders/wx/6p8jgr7s0nx_7lx14s4gf99c0000gn/T/RtmpAMHewn/model-aafb14544a92.stan', line 88, column 2 to column 65)"
[54] "If this warning occurs sporadically, such as for highly constrained variable types like covariance matrices, then the sampler is fine,"                                   
[55] "but if this warning occurs often then your model may be either severely ill-conditioned or misspecified."                                                                 
[56] ""                                                                                                                                                                         
[57] "Informational Message: The current Metropolis proposal is about to be rejected because of the following issue:"                                                           
[58] "Exception: Phi: x is nan, but must be not nan! (in '/var/folders/wx/6p8jgr7s0nx_7lx14s4gf99c0000gn/T/RtmpAMHewn/model-aafb14544a92.stan', line 88, column 2 to column 65)"
[59] "If this warning occurs sporadically, such as for highly constrained variable types like covariance matrices, then the sampler is fine,"                                   
[60] "but if this warning occurs often then your model may be either severely ill-conditioned or misspecified."                                                                 
[61] ""                                                                                                                                                                         
[62] "Informational Message: The current Metropolis proposal is about to be rejected because of the following issue:"                                                           
[63] "Exception: Phi: x is nan, but must be not nan! (in '/var/folders/wx/6p8jgr7s0nx_7lx14s4gf99c0000gn/T/RtmpAMHewn/model-aafb14544a92.stan', line 88, column 2 to column 65)"
[64] "If this warning occurs sporadically, such as for highly constrained variable types like covariance matrices, then the sampler is fine,"                                   
[65] "but if this warning occurs often then your model may be either severely ill-conditioned or misspecified."                                                                 
[66] ""                                                                                                                                                                         
[67] "Iteration:    1 / 2000 [  0%]  (Warmup)"                                                                                                                                  
[68] "Informational Message: The current Metropolis proposal is about to be rejected because of the following issue:"                                                           
[69] "Exception: Phi: x is nan, but must be not nan! (in '/var/folders/wx/6p8jgr7s0nx_7lx14s4gf99c0000gn/T/RtmpAMHewn/model-aafb14544a92.stan', line 88, column 2 to column 65)"
[70] "If this warning occurs sporadically, such as for highly constrained variable types like covariance matrices, then the sampler is fine,"                                   
[71] "but if this warning occurs often then your model may be either severely ill-conditioned or misspecified."                                                                 
[72] ""                                                                                                                                                                         
[73] "Iteration:  250 / 2000 [ 12%]  (Warmup)"                                                                                                                                  
[74] "Iteration:  500 / 2000 [ 25%]  (Warmup)"                                                                                                                                  
[75] "Iteration:  750 / 2000 [ 37%]  (Warmup)"                                                                                                                                  
[76] "Iteration: 1000 / 2000 [ 50%]  (Warmup)"                                                                                                                                  
[77] "Iteration: 1001 / 2000 [ 50%]  (Sampling)"                                                                                                                                
[78] "Iteration: 1250 / 2000 [ 62%]  (Sampling)"                                                                                                                                
[79] "Iteration: 1500 / 2000 [ 75%]  (Sampling)"                                                                                                                                
[80] "Iteration: 1750 / 2000 [ 87%]  (Sampling)"                                                                                                                                
[81] "Iteration: 2000 / 2000 [100%]  (Sampling)"                                                                                                                                
[82] ""                                                                                                                                                                         
[83] " Elapsed Time: 2952.57 seconds (Warm-up)"                                                                                                                                 
[84] "               714.646 seconds (Sampling)"                                                                                                                                
[85] "               3667.22 seconds (Total)"                                                                                                                                   
[86] ""                                                                                                                                                                         

[[4]]
 [1] ""                                                                                                                                                                         
 [2] "method = sample (Default)"                                                                                                                                                
 [3] "  sample"                                                                                                                                                                 
 [4] "    num_samples = 1000 (Default)"                                                                                                                                         
 [5] "    num_warmup = 1000 (Default)"                                                                                                                                          
 [6] "    save_warmup = false (Default)"                                                                                                                                        
 [7] "    thin = 1 (Default)"                                                                                                                                                   
 [8] "    adapt"                                                                                                                                                                
 [9] "      engaged = true (Default)"                                                                                                                                           
[10] "      gamma = 0.05 (Default)"                                                                                                                                             
[11] "      delta = 0.8 (Default)"                                                                                                                                              
[12] "      kappa = 0.75 (Default)"                                                                                                                                             
[13] "      t0 = 10 (Default)"                                                                                                                                                  
[14] "      init_buffer = 75 (Default)"                                                                                                                                         
[15] "      term_buffer = 50 (Default)"                                                                                                                                         
[16] "      window = 25 (Default)"                                                                                                                                              
[17] "      save_metric = false (Default)"                                                                                                                                      
[18] "    algorithm = hmc (Default)"                                                                                                                                            
[19] "      hmc"                                                                                                                                                                
[20] "        engine = nuts (Default)"                                                                                                                                          
[21] "          nuts"                                                                                                                                                           
[22] "            max_depth = 10 (Default)"                                                                                                                                     
[23] "        metric = diag_e (Default)"                                                                                                                                        
[24] "        metric_file =  (Default)"                                                                                                                                         
[25] "        stepsize = 1 (Default)"                                                                                                                                           
[26] "        stepsize_jitter = 0 (Default)"                                                                                                                                    
[27] "    num_chains = 1 (Default)"                                                                                                                                             
[28] "id = 4"                                                                                                                                                                   
[29] "data"                                                                                                                                                                     
[30] "  file = /var/folders/wx/6p8jgr7s0nx_7lx14s4gf99c0000gn/T/RtmpAMHewn/standata-aafb5d0748f6.json"                                                                          
[31] "init = /var/folders/wx/6p8jgr7s0nx_7lx14s4gf99c0000gn/T/RtmpAMHewn/init-aafb9473e31_4.json"                                                                               
[32] "random"                                                                                                                                                                   
[33] "  seed = 1749394583"                                                                                                                                                      
[34] "output"                                                                                                                                                                   
[35] "  file = /var/folders/wx/6p8jgr7s0nx_7lx14s4gf99c0000gn/T/RtmpAMHewn/lilace-202509040533-4-357d5f.csv"                                                                    
[36] "  diagnostic_file =  (Default)"                                                                                                                                           
[37] "  refresh = 250"                                                                                                                                                          
[38] "  sig_figs = 8 (Default)"                                                                                                                                                 
[39] "  profile_file = /var/folders/wx/6p8jgr7s0nx_7lx14s4gf99c0000gn/T/RtmpAMHewn/lilace-profile-202509040533-4-6737cd.csv"                                                    
[40] "  save_cmdstan_config = false (Default)"                                                                                                                                  
[41] "num_threads = 1 (Default)"                                                                                                                                                
[42] ""                                                                                                                                                                         
[43] ""                                                                                                                                                                         
[44] "Gradient evaluation took 0.035336 seconds"                                                                                                                                
[45] "1000 transitions using 10 leapfrog steps per transition would take 353.36 seconds."                                                                                       
[46] "Adjust your expectations accordingly!"                                                                                                                                    
[47] ""                                                                                                                                                                         
[48] ""                                                                                                                                                                         
[49] "Informational Message: The current Metropolis proposal is about to be rejected because of the following issue:"                                                           
[50] "Exception: Phi: x is nan, but must be not nan! (in '/var/folders/wx/6p8jgr7s0nx_7lx14s4gf99c0000gn/T/RtmpAMHewn/model-aafb14544a92.stan', line 88, column 2 to column 65)"
[51] "If this warning occurs sporadically, such as for highly constrained variable types like covariance matrices, then the sampler is fine,"                                   
[52] "but if this warning occurs often then your model may be either severely ill-conditioned or misspecified."                                                                 
[53] ""                                                                                                                                                                         
[54] "Informational Message: The current Metropolis proposal is about to be rejected because of the following issue:"                                                           
[55] "Exception: Phi: x is nan, but must be not nan! (in '/var/folders/wx/6p8jgr7s0nx_7lx14s4gf99c0000gn/T/RtmpAMHewn/model-aafb14544a92.stan', line 88, column 2 to column 65)"
[56] "If this warning occurs sporadically, such as for highly constrained variable types like covariance matrices, then the sampler is fine,"                                   
[57] "but if this warning occurs often then your model may be either severely ill-conditioned or misspecified."                                                                 
[58] ""                                                                                                                                                                         
[59] "Iteration:    1 / 2000 [  0%]  (Warmup)"                                                                                                                                  
[60] "Informational Message: The current Metropolis proposal is about to be rejected because of the following issue:"                                                           
[61] "Exception: Phi: x is nan, but must be not nan! (in '/var/folders/wx/6p8jgr7s0nx_7lx14s4gf99c0000gn/T/RtmpAMHewn/model-aafb14544a92.stan', line 88, column 2 to column 65)"
[62] "If this warning occurs sporadically, such as for highly constrained variable types like covariance matrices, then the sampler is fine,"                                   
[63] "but if this warning occurs often then your model may be either severely ill-conditioned or misspecified."                                                                 
[64] ""                                                                                                                                                                         
[65] "Iteration:  250 / 2000 [ 12%]  (Warmup)"                                                                                                                                  
[66] "Iteration:  500 / 2000 [ 25%]  (Warmup)"                                                                                                                                  
[67] "Iteration:  750 / 2000 [ 37%]  (Warmup)"                                                                                                                                  
[68] "Iteration: 1000 / 2000 [ 50%]  (Warmup)"                                                                                                                                  
[69] "Iteration: 1001 / 2000 [ 50%]  (Sampling)"                                                                                                                                
[70] "Iteration: 1250 / 2000 [ 62%]  (Sampling)"                                                                                                                                
[71] "Iteration: 1500 / 2000 [ 75%]  (Sampling)"                                                                                                                                
[72] "Iteration: 1750 / 2000 [ 87%]  (Sampling)"                                                                                                                                
[73] "Iteration: 2000 / 2000 [100%]  (Sampling)"                                                                                                                                
[74] ""                                                                                                                                                                         
[75] " Elapsed Time: 3064.09 seconds (Warm-up)"                                                                                                                                 
[76] "               710.436 seconds (Sampling)"                                                                                                                                
[77] "               3774.52 seconds (Total)"                                                                                                                                   
[78] ""                                                                                                                                                                         

