[[1]]
 [1] ""                                                                                                                                                                         
 [2] "method = sample (Default)"                                                                                                                                                
 [3] "  sample"                                                                                                                                                                 
 [4] "    num_samples = 1000 (Default)"                                                                                                                                         
 [5] "    num_warmup = 1000 (Default)"                                                                                                                                          
 [6] "    save_warmup = false (Default)"                                                                                                                                        
 [7] "    thin = 1 (Default)"                                                                                                                                                   
 [8] "    adapt"                                                                                                                                                                
 [9] "      engaged = true (Default)"                                                                                                                                           
[10] "      gamma = 0.05 (Default)"                                                                                                                                             
[11] "      delta = 0.8 (Default)"                                                                                                                                              
[12] "      kappa = 0.75 (Default)"                                                                                                                                             
[13] "      t0 = 10 (Default)"                                                                                                                                                  
[14] "      init_buffer = 75 (Default)"                                                                                                                                         
[15] "      term_buffer = 50 (Default)"                                                                                                                                         
[16] "      window = 25 (Default)"                                                                                                                                              
[17] "      save_metric = false (Default)"                                                                                                                                      
[18] "    algorithm = hmc (Default)"                                                                                                                                            
[19] "      hmc"                                                                                                                                                                
[20] "        engine = nuts (Default)"                                                                                                                                          
[21] "          nuts"                                                                                                                                                           
[22] "            max_depth = 10 (Default)"                                                                                                                                     
[23] "        metric = diag_e (Default)"                                                                                                                                        
[24] "        metric_file =  (Default)"                                                                                                                                         
[25] "        stepsize = 1 (Default)"                                                                                                                                           
[26] "        stepsize_jitter = 0 (Default)"                                                                                                                                    
[27] "    num_chains = 1 (Default)"                                                                                                                                             
[28] "id = 1 (Default)"                                                                                                                                                         
[29] "data"                                                                                                                                                                     
[30] "  file = /var/folders/wx/6p8jgr7s0nx_7lx14s4gf99c0000gn/T/RtmpAMHewn/standata-aafb7e90a750.json"                                                                          
[31] "init = /var/folders/wx/6p8jgr7s0nx_7lx14s4gf99c0000gn/T/RtmpAMHewn/init-aafb4ad8b61a_1.json"                                                                              
[32] "random"                                                                                                                                                                   
[33] "  seed = 241735955"                                                                                                                                                       
[34] "output"                                                                                                                                                                   
[35] "  file = /var/folders/wx/6p8jgr7s0nx_7lx14s4gf99c0000gn/T/RtmpAMHewn/lilace-202509032244-1-4acc5d.csv"                                                                    
[36] "  diagnostic_file =  (Default)"                                                                                                                                           
[37] "  refresh = 250"                                                                                                                                                          
[38] "  sig_figs = 8 (Default)"                                                                                                                                                 
[39] "  profile_file = /var/folders/wx/6p8jgr7s0nx_7lx14s4gf99c0000gn/T/RtmpAMHewn/lilace-profile-202509032244-1-8fdbe0.csv"                                                    
[40] "  save_cmdstan_config = false (Default)"                                                                                                                                  
[41] "num_threads = 1 (Default)"                                                                                                                                                
[42] ""                                                                                                                                                                         
[43] ""                                                                                                                                                                         
[44] "Gradient evaluation took 0.034234 seconds"                                                                                                                                
[45] "1000 transitions using 10 leapfrog steps per transition would take 342.34 seconds."                                                                                       
[46] "Adjust your expectations accordingly!"                                                                                                                                    
[47] ""                                                                                                                                                                         
[48] ""                                                                                                                                                                         
[49] "Informational Message: The current Metropolis proposal is about to be rejected because of the following issue:"                                                           
[50] "Exception: Phi: x is nan, but must be not nan! (in '/var/folders/wx/6p8jgr7s0nx_7lx14s4gf99c0000gn/T/RtmpAMHewn/model-aafb14544a92.stan', line 88, column 2 to column 65)"
[51] "If this warning occurs sporadically, such as for highly constrained variable types like covariance matrices, then the sampler is fine,"                                   
[52] "but if this warning occurs often then your model may be either severely ill-conditioned or misspecified."                                                                 
[53] ""                                                                                                                                                                         
[54] "Informational Message: The current Metropolis proposal is about to be rejected because of the following issue:"                                                           
[55] "Exception: Phi: x is nan, but must be not nan! (in '/var/folders/wx/6p8jgr7s0nx_7lx14s4gf99c0000gn/T/RtmpAMHewn/model-aafb14544a92.stan', line 88, column 2 to column 65)"
[56] "If this warning occurs sporadically, such as for highly constrained variable types like covariance matrices, then the sampler is fine,"                                   
[57] "but if this warning occurs often then your model may be either severely ill-conditioned or misspecified."                                                                 
[58] ""                                                                                                                                                                         
[59] "Informational Message: The current Metropolis proposal is about to be rejected because of the following issue:"                                                           
[60] "Exception: Phi: x is nan, but must be not nan! (in '/var/folders/wx/6p8jgr7s0nx_7lx14s4gf99c0000gn/T/RtmpAMHewn/model-aafb14544a92.stan', line 88, column 2 to column 65)"
[61] "If this warning occurs sporadically, such as for highly constrained variable types like covariance matrices, then the sampler is fine,"                                   
[62] "but if this warning occurs often then your model may be either severely ill-conditioned or misspecified."                                                                 
[63] ""                                                                                                                                                                         
[64] "Iteration:    1 / 2000 [  0%]  (Warmup)"                                                                                                                                  
[65] "Informational Message: The current Metropolis proposal is about to be rejected because of the following issue:"                                                           
[66] "Exception: Phi: x is nan, but must be not nan! (in '/var/folders/wx/6p8jgr7s0nx_7lx14s4gf99c0000gn/T/RtmpAMHewn/model-aafb14544a92.stan', line 88, column 2 to column 65)"
[67] "If this warning occurs sporadically, such as for highly constrained variable types like covariance matrices, then the sampler is fine,"                                   
[68] "but if this warning occurs often then your model may be either severely ill-conditioned or misspecified."                                                                 
[69] ""                                                                                                                                                                         
[70] "Informational Message: The current Metropolis proposal is about to be rejected because of the following issue:"                                                           
[71] "Exception: Phi: x is nan, but must be not nan! (in '/var/folders/wx/6p8jgr7s0nx_7lx14s4gf99c0000gn/T/RtmpAMHewn/model-aafb14544a92.stan', line 88, column 2 to column 65)"
[72] "If this warning occurs sporadically, such as for highly constrained variable types like covariance matrices, then the sampler is fine,"                                   
[73] "but if this warning occurs often then your model may be either severely ill-conditioned or misspecified."                                                                 
[74] ""                                                                                                                                                                         
[75] "Iteration:  250 / 2000 [ 12%]  (Warmup)"                                                                                                                                  
[76] "Iteration:  500 / 2000 [ 25%]  (Warmup)"                                                                                                                                  
[77] "Iteration:  750 / 2000 [ 37%]  (Warmup)"                                                                                                                                  
[78] "Iteration: 1000 / 2000 [ 50%]  (Warmup)"                                                                                                                                  
[79] "Iteration: 1001 / 2000 [ 50%]  (Sampling)"                                                                                                                                
[80] "Iteration: 1250 / 2000 [ 62%]  (Sampling)"                                                                                                                                
[81] "Iteration: 1500 / 2000 [ 75%]  (Sampling)"                                                                                                                                
[82] "Iteration: 1750 / 2000 [ 87%]  (Sampling)"                                                                                                                                
[83] "Iteration: 2000 / 2000 [100%]  (Sampling)"                                                                                                                                
[84] ""                                                                                                                                                                         
[85] " Elapsed Time: 3613.99 seconds (Warm-up)"                                                                                                                                 
[86] "               1365.26 seconds (Sampling)"                                                                                                                                
[87] "               4979.26 seconds (Total)"                                                                                                                                   
[88] ""                                                                                                                                                                         

[[2]]
 [1] ""                                                                                                                                                                         
 [2] "method = sample (Default)"                                                                                                                                                
 [3] "  sample"                                                                                                                                                                 
 [4] "    num_samples = 1000 (Default)"                                                                                                                                         
 [5] "    num_warmup = 1000 (Default)"                                                                                                                                          
 [6] "    save_warmup = false (Default)"                                                                                                                                        
 [7] "    thin = 1 (Default)"                                                                                                                                                   
 [8] "    adapt"                                                                                                                                                                
 [9] "      engaged = true (Default)"                                                                                                                                           
[10] "      gamma = 0.05 (Default)"                                                                                                                                             
[11] "      delta = 0.8 (Default)"                                                                                                                                              
[12] "      kappa = 0.75 (Default)"                                                                                                                                             
[13] "      t0 = 10 (Default)"                                                                                                                                                  
[14] "      init_buffer = 75 (Default)"                                                                                                                                         
[15] "      term_buffer = 50 (Default)"                                                                                                                                         
[16] "      window = 25 (Default)"                                                                                                                                              
[17] "      save_metric = false (Default)"                                                                                                                                      
[18] "    algorithm = hmc (Default)"                                                                                                                                            
[19] "      hmc"                                                                                                                                                                
[20] "        engine = nuts (Default)"                                                                                                                                          
[21] "          nuts"                                                                                                                                                           
[22] "            max_depth = 10 (Default)"                                                                                                                                     
[23] "        metric = diag_e (Default)"                                                                                                                                        
[24] "        metric_file =  (Default)"                                                                                                                                         
[25] "        stepsize = 1 (Default)"                                                                                                                                           
[26] "        stepsize_jitter = 0 (Default)"                                                                                                                                    
[27] "    num_chains = 1 (Default)"                                                                                                                                             
[28] "id = 2"                                                                                                                                                                   
[29] "data"                                                                                                                                                                     
[30] "  file = /var/folders/wx/6p8jgr7s0nx_7lx14s4gf99c0000gn/T/RtmpAMHewn/standata-aafb7e90a750.json"                                                                          
[31] "init = /var/folders/wx/6p8jgr7s0nx_7lx14s4gf99c0000gn/T/RtmpAMHewn/init-aafb4ad8b61a_2.json"                                                                              
[32] "random"                                                                                                                                                                   
[33] "  seed = 241735955"                                                                                                                                                       
[34] "output"                                                                                                                                                                   
[35] "  file = /var/folders/wx/6p8jgr7s0nx_7lx14s4gf99c0000gn/T/RtmpAMHewn/lilace-202509032244-2-4acc5d.csv"                                                                    
[36] "  diagnostic_file =  (Default)"                                                                                                                                           
[37] "  refresh = 250"                                                                                                                                                          
[38] "  sig_figs = 8 (Default)"                                                                                                                                                 
[39] "  profile_file = /var/folders/wx/6p8jgr7s0nx_7lx14s4gf99c0000gn/T/RtmpAMHewn/lilace-profile-202509032244-2-8fdbe0.csv"                                                    
[40] "  save_cmdstan_config = false (Default)"                                                                                                                                  
[41] "num_threads = 1 (Default)"                                                                                                                                                
[42] ""                                                                                                                                                                         
[43] ""                                                                                                                                                                         
[44] "Gradient evaluation took 0.034744 seconds"                                                                                                                                
[45] "1000 transitions using 10 leapfrog steps per transition would take 347.44 seconds."                                                                                       
[46] "Adjust your expectations accordingly!"                                                                                                                                    
[47] ""                                                                                                                                                                         
[48] ""                                                                                                                                                                         
[49] "Informational Message: The current Metropolis proposal is about to be rejected because of the following issue:"                                                           
[50] "Exception: Phi: x is nan, but must be not nan! (in '/var/folders/wx/6p8jgr7s0nx_7lx14s4gf99c0000gn/T/RtmpAMHewn/model-aafb14544a92.stan', line 88, column 2 to column 65)"
[51] "If this warning occurs sporadically, such as for highly constrained variable types like covariance matrices, then the sampler is fine,"                                   
[52] "but if this warning occurs often then your model may be either severely ill-conditioned or misspecified."                                                                 
[53] ""                                                                                                                                                                         
[54] "Informational Message: The current Metropolis proposal is about to be rejected because of the following issue:"                                                           
[55] "Exception: Phi: x is nan, but must be not nan! (in '/var/folders/wx/6p8jgr7s0nx_7lx14s4gf99c0000gn/T/RtmpAMHewn/model-aafb14544a92.stan', line 88, column 2 to column 65)"
[56] "If this warning occurs sporadically, such as for highly constrained variable types like covariance matrices, then the sampler is fine,"                                   
[57] "but if this warning occurs often then your model may be either severely ill-conditioned or misspecified."                                                                 
[58] ""                                                                                                                                                                         
[59] "Iteration:    1 / 2000 [  0%]  (Warmup)"                                                                                                                                  
[60] "Informational Message: The current Metropolis proposal is about to be rejected because of the following issue:"                                                           
[61] "Exception: Phi: x is nan, but must be not nan! (in '/var/folders/wx/6p8jgr7s0nx_7lx14s4gf99c0000gn/T/RtmpAMHewn/model-aafb14544a92.stan', line 88, column 2 to column 65)"
[62] "If this warning occurs sporadically, such as for highly constrained variable types like covariance matrices, then the sampler is fine,"                                   
[63] "but if this warning occurs often then your model may be either severely ill-conditioned or misspecified."                                                                 
[64] ""                                                                                                                                                                         
[65] "Iteration:  250 / 2000 [ 12%]  (Warmup)"                                                                                                                                  
[66] "Iteration:  500 / 2000 [ 25%]  (Warmup)"                                                                                                                                  
[67] "Iteration:  750 / 2000 [ 37%]  (Warmup)"                                                                                                                                  
[68] "Iteration: 1000 / 2000 [ 50%]  (Warmup)"                                                                                                                                  
[69] "Iteration: 1001 / 2000 [ 50%]  (Sampling)"                                                                                                                                
[70] "Iteration: 1250 / 2000 [ 62%]  (Sampling)"                                                                                                                                
[71] "Iteration: 1500 / 2000 [ 75%]  (Sampling)"                                                                                                                                
[72] "Iteration: 1750 / 2000 [ 87%]  (Sampling)"                                                                                                                                
[73] "Iteration: 2000 / 2000 [100%]  (Sampling)"                                                                                                                                
[74] ""                                                                                                                                                                         
[75] " Elapsed Time: 2989.63 seconds (Warm-up)"                                                                                                                                 
[76] "               705.172 seconds (Sampling)"                                                                                                                                
[77] "               3694.8 seconds (Total)"                                                                                                                                    
[78] ""                                                                                                                                                                         

[[3]]
 [1] ""                                                                                                                                                                         
 [2] "method = sample (Default)"                                                                                                                                                
 [3] "  sample"                                                                                                                                                                 
 [4] "    num_samples = 1000 (Default)"                                                                                                                                         
 [5] "    num_warmup = 1000 (Default)"                                                                                                                                          
 [6] "    save_warmup = false (Default)"                                                                                                                                        
 [7] "    thin = 1 (Default)"                                                                                                                                                   
 [8] "    adapt"                                                                                                                                                                
 [9] "      engaged = true (Default)"                                                                                                                                           
[10] "      gamma = 0.05 (Default)"                                                                                                                                             
[11] "      delta = 0.8 (Default)"                                                                                                                                              
[12] "      kappa = 0.75 (Default)"                                                                                                                                             
[13] "      t0 = 10 (Default)"                                                                                                                                                  
[14] "      init_buffer = 75 (Default)"                                                                                                                                         
[15] "      term_buffer = 50 (Default)"                                                                                                                                         
[16] "      window = 25 (Default)"                                                                                                                                              
[17] "      save_metric = false (Default)"                                                                                                                                      
[18] "    algorithm = hmc (Default)"                                                                                                                                            
[19] "      hmc"                                                                                                                                                                
[20] "        engine = nuts (Default)"                                                                                                                                          
[21] "          nuts"                                                                                                                                                           
[22] "            max_depth = 10 (Default)"                                                                                                                                     
[23] "        metric = diag_e (Default)"                                                                                                                                        
[24] "        metric_file =  (Default)"                                                                                                                                         
[25] "        stepsize = 1 (Default)"                                                                                                                                           
[26] "        stepsize_jitter = 0 (Default)"                                                                                                                                    
[27] "    num_chains = 1 (Default)"                                                                                                                                             
[28] "id = 3"                                                                                                                                                                   
[29] "data"                                                                                                                                                                     
[30] "  file = /var/folders/wx/6p8jgr7s0nx_7lx14s4gf99c0000gn/T/RtmpAMHewn/standata-aafb7e90a750.json"                                                                          
[31] "init = /var/folders/wx/6p8jgr7s0nx_7lx14s4gf99c0000gn/T/RtmpAMHewn/init-aafb4ad8b61a_3.json"                                                                              
[32] "random"                                                                                                                                                                   
[33] "  seed = 241735955"                                                                                                                                                       
[34] "output"                                                                                                                                                                   
[35] "  file = /var/folders/wx/6p8jgr7s0nx_7lx14s4gf99c0000gn/T/RtmpAMHewn/lilace-202509032244-3-4acc5d.csv"                                                                    
[36] "  diagnostic_file =  (Default)"                                                                                                                                           
[37] "  refresh = 250"                                                                                                                                                          
[38] "  sig_figs = 8 (Default)"                                                                                                                                                 
[39] "  profile_file = /var/folders/wx/6p8jgr7s0nx_7lx14s4gf99c0000gn/T/RtmpAMHewn/lilace-profile-202509032244-3-8fdbe0.csv"                                                    
[40] "  save_cmdstan_config = false (Default)"                                                                                                                                  
[41] "num_threads = 1 (Default)"                                                                                                                                                
[42] ""                                                                                                                                                                         
[43] ""                                                                                                                                                                         
[44] "Gradient evaluation took 0.033324 seconds"                                                                                                                                
[45] "1000 transitions using 10 leapfrog steps per transition would take 333.24 seconds."                                                                                       
[46] "Adjust your expectations accordingly!"                                                                                                                                    
[47] ""                                                                                                                                                                         
[48] ""                                                                                                                                                                         
[49] "Informational Message: The current Metropolis proposal is about to be rejected because of the following issue:"                                                           
[50] "Exception: Phi: x is nan, but must be not nan! (in '/var/folders/wx/6p8jgr7s0nx_7lx14s4gf99c0000gn/T/RtmpAMHewn/model-aafb14544a92.stan', line 88, column 2 to column 65)"
[51] "If this warning occurs sporadically, such as for highly constrained variable types like covariance matrices, then the sampler is fine,"                                   
[52] "but if this warning occurs often then your model may be either severely ill-conditioned or misspecified."                                                                 
[53] ""                                                                                                                                                                         
[54] "Informational Message: The current Metropolis proposal is about to be rejected because of the following issue:"                                                           
[55] "Exception: Phi: x is nan, but must be not nan! (in '/var/folders/wx/6p8jgr7s0nx_7lx14s4gf99c0000gn/T/RtmpAMHewn/model-aafb14544a92.stan', line 88, column 2 to column 65)"
[56] "If this warning occurs sporadically, such as for highly constrained variable types like covariance matrices, then the sampler is fine,"                                   
[57] "but if this warning occurs often then your model may be either severely ill-conditioned or misspecified."                                                                 
[58] ""                                                                                                                                                                         
[59] "Iteration:    1 / 2000 [  0%]  (Warmup)"                                                                                                                                  
[60] "Informational Message: The current Metropolis proposal is about to be rejected because of the following issue:"                                                           
[61] "Exception: Phi: x is nan, but must be not nan! (in '/var/folders/wx/6p8jgr7s0nx_7lx14s4gf99c0000gn/T/RtmpAMHewn/model-aafb14544a92.stan', line 88, column 2 to column 65)"
[62] "If this warning occurs sporadically, such as for highly constrained variable types like covariance matrices, then the sampler is fine,"                                   
[63] "but if this warning occurs often then your model may be either severely ill-conditioned or misspecified."                                                                 
[64] ""                                                                                                                                                                         
[65] "Iteration:  250 / 2000 [ 12%]  (Warmup)"                                                                                                                                  
[66] "Iteration:  500 / 2000 [ 25%]  (Warmup)"                                                                                                                                  
[67] "Iteration:  750 / 2000 [ 37%]  (Warmup)"                                                                                                                                  
[68] "Iteration: 1000 / 2000 [ 50%]  (Warmup)"                                                                                                                                  
[69] "Iteration: 1001 / 2000 [ 50%]  (Sampling)"                                                                                                                                
[70] "Iteration: 1250 / 2000 [ 62%]  (Sampling)"                                                                                                                                
[71] "Iteration: 1500 / 2000 [ 75%]  (Sampling)"                                                                                                                                
[72] "Iteration: 1750 / 2000 [ 87%]  (Sampling)"                                                                                                                                
[73] "Iteration: 2000 / 2000 [100%]  (Sampling)"                                                                                                                                
[74] ""                                                                                                                                                                         
[75] " Elapsed Time: 3069.04 seconds (Warm-up)"                                                                                                                                 
[76] "               1390.17 seconds (Sampling)"                                                                                                                                
[77] "               4459.21 seconds (Total)"                                                                                                                                   
[78] ""                                                                                                                                                                         

[[4]]
 [1] ""                                                                                                                                                                         
 [2] "method = sample (Default)"                                                                                                                                                
 [3] "  sample"                                                                                                                                                                 
 [4] "    num_samples = 1000 (Default)"                                                                                                                                         
 [5] "    num_warmup = 1000 (Default)"                                                                                                                                          
 [6] "    save_warmup = false (Default)"                                                                                                                                        
 [7] "    thin = 1 (Default)"                                                                                                                                                   
 [8] "    adapt"                                                                                                                                                                
 [9] "      engaged = true (Default)"                                                                                                                                           
[10] "      gamma = 0.05 (Default)"                                                                                                                                             
[11] "      delta = 0.8 (Default)"                                                                                                                                              
[12] "      kappa = 0.75 (Default)"                                                                                                                                             
[13] "      t0 = 10 (Default)"                                                                                                                                                  
[14] "      init_buffer = 75 (Default)"                                                                                                                                         
[15] "      term_buffer = 50 (Default)"                                                                                                                                         
[16] "      window = 25 (Default)"                                                                                                                                              
[17] "      save_metric = false (Default)"                                                                                                                                      
[18] "    algorithm = hmc (Default)"                                                                                                                                            
[19] "      hmc"                                                                                                                                                                
[20] "        engine = nuts (Default)"                                                                                                                                          
[21] "          nuts"                                                                                                                                                           
[22] "            max_depth = 10 (Default)"                                                                                                                                     
[23] "        metric = diag_e (Default)"                                                                                                                                        
[24] "        metric_file =  (Default)"                                                                                                                                         
[25] "        stepsize = 1 (Default)"                                                                                                                                           
[26] "        stepsize_jitter = 0 (Default)"                                                                                                                                    
[27] "    num_chains = 1 (Default)"                                                                                                                                             
[28] "id = 4"                                                                                                                                                                   
[29] "data"                                                                                                                                                                     
[30] "  file = /var/folders/wx/6p8jgr7s0nx_7lx14s4gf99c0000gn/T/RtmpAMHewn/standata-aafb7e90a750.json"                                                                          
[31] "init = /var/folders/wx/6p8jgr7s0nx_7lx14s4gf99c0000gn/T/RtmpAMHewn/init-aafb4ad8b61a_4.json"                                                                              
[32] "random"                                                                                                                                                                   
[33] "  seed = 241735955"                                                                                                                                                       
[34] "output"                                                                                                                                                                   
[35] "  file = /var/folders/wx/6p8jgr7s0nx_7lx14s4gf99c0000gn/T/RtmpAMHewn/lilace-202509032244-4-4acc5d.csv"                                                                    
[36] "  diagnostic_file =  (Default)"                                                                                                                                           
[37] "  refresh = 250"                                                                                                                                                          
[38] "  sig_figs = 8 (Default)"                                                                                                                                                 
[39] "  profile_file = /var/folders/wx/6p8jgr7s0nx_7lx14s4gf99c0000gn/T/RtmpAMHewn/lilace-profile-202509032244-4-8fdbe0.csv"                                                    
[40] "  save_cmdstan_config = false (Default)"                                                                                                                                  
[41] "num_threads = 1 (Default)"                                                                                                                                                
[42] ""                                                                                                                                                                         
[43] ""                                                                                                                                                                         
[44] "Gradient evaluation took 0.03847 seconds"                                                                                                                                 
[45] "1000 transitions using 10 leapfrog steps per transition would take 384.7 seconds."                                                                                        
[46] "Adjust your expectations accordingly!"                                                                                                                                    
[47] ""                                                                                                                                                                         
[48] ""                                                                                                                                                                         
[49] "Informational Message: The current Metropolis proposal is about to be rejected because of the following issue:"                                                           
[50] "Exception: Phi: x is nan, but must be not nan! (in '/var/folders/wx/6p8jgr7s0nx_7lx14s4gf99c0000gn/T/RtmpAMHewn/model-aafb14544a92.stan', line 88, column 2 to column 65)"
[51] "If this warning occurs sporadically, such as for highly constrained variable types like covariance matrices, then the sampler is fine,"                                   
[52] "but if this warning occurs often then your model may be either severely ill-conditioned or misspecified."                                                                 
[53] ""                                                                                                                                                                         
[54] "Informational Message: The current Metropolis proposal is about to be rejected because of the following issue:"                                                           
[55] "Exception: Phi: x is nan, but must be not nan! (in '/var/folders/wx/6p8jgr7s0nx_7lx14s4gf99c0000gn/T/RtmpAMHewn/model-aafb14544a92.stan', line 88, column 2 to column 65)"
[56] "If this warning occurs sporadically, such as for highly constrained variable types like covariance matrices, then the sampler is fine,"                                   
[57] "but if this warning occurs often then your model may be either severely ill-conditioned or misspecified."                                                                 
[58] ""                                                                                                                                                                         
[59] "Informational Message: The current Metropolis proposal is about to be rejected because of the following issue:"                                                           
[60] "Exception: Phi: x is nan, but must be not nan! (in '/var/folders/wx/6p8jgr7s0nx_7lx14s4gf99c0000gn/T/RtmpAMHewn/model-aafb14544a92.stan', line 88, column 2 to column 65)"
[61] "If this warning occurs sporadically, such as for highly constrained variable types like covariance matrices, then the sampler is fine,"                                   
[62] "but if this warning occurs often then your model may be either severely ill-conditioned or misspecified."                                                                 
[63] ""                                                                                                                                                                         
[64] "Iteration:    1 / 2000 [  0%]  (Warmup)"                                                                                                                                  
[65] "Informational Message: The current Metropolis proposal is about to be rejected because of the following issue:"                                                           
[66] "Exception: Phi: x is nan, but must be not nan! (in '/var/folders/wx/6p8jgr7s0nx_7lx14s4gf99c0000gn/T/RtmpAMHewn/model-aafb14544a92.stan', line 88, column 2 to column 65)"
[67] "If this warning occurs sporadically, such as for highly constrained variable types like covariance matrices, then the sampler is fine,"                                   
[68] "but if this warning occurs often then your model may be either severely ill-conditioned or misspecified."                                                                 
[69] ""                                                                                                                                                                         
[70] "Informational Message: The current Metropolis proposal is about to be rejected because of the following issue:"                                                           
[71] "Exception: Phi: x is nan, but must be not nan! (in '/var/folders/wx/6p8jgr7s0nx_7lx14s4gf99c0000gn/T/RtmpAMHewn/model-aafb14544a92.stan', line 88, column 2 to column 65)"
[72] "If this warning occurs sporadically, such as for highly constrained variable types like covariance matrices, then the sampler is fine,"                                   
[73] "but if this warning occurs often then your model may be either severely ill-conditioned or misspecified."                                                                 
[74] ""                                                                                                                                                                         
[75] "Iteration:  250 / 2000 [ 12%]  (Warmup)"                                                                                                                                  
[76] "Iteration:  500 / 2000 [ 25%]  (Warmup)"                                                                                                                                  
[77] "Iteration:  750 / 2000 [ 37%]  (Warmup)"                                                                                                                                  
[78] "Iteration: 1000 / 2000 [ 50%]  (Warmup)"                                                                                                                                  
[79] "Iteration: 1001 / 2000 [ 50%]  (Sampling)"                                                                                                                                
[80] "Iteration: 1250 / 2000 [ 62%]  (Sampling)"                                                                                                                                
[81] "Iteration: 1500 / 2000 [ 75%]  (Sampling)"                                                                                                                                
[82] "Iteration: 1750 / 2000 [ 87%]  (Sampling)"                                                                                                                                
[83] "Iteration: 2000 / 2000 [100%]  (Sampling)"                                                                                                                                
[84] ""                                                                                                                                                                         
[85] " Elapsed Time: 3068.7 seconds (Warm-up)"                                                                                                                                  
[86] "               1387.78 seconds (Sampling)"                                                                                                                                
[87] "               4456.47 seconds (Total)"                                                                                                                                   
[88] ""                                                                                                                                                                         

