[[1]]
 [1] ""                                                                                                                                                                         
 [2] "method = sample (Default)"                                                                                                                                                
 [3] "  sample"                                                                                                                                                                 
 [4] "    num_samples = 1000 (Default)"                                                                                                                                         
 [5] "    num_warmup = 1000 (Default)"                                                                                                                                          
 [6] "    save_warmup = false (Default)"                                                                                                                                        
 [7] "    thin = 1 (Default)"                                                                                                                                                   
 [8] "    adapt"                                                                                                                                                                
 [9] "      engaged = true (Default)"                                                                                                                                           
[10] "      gamma = 0.05 (Default)"                                                                                                                                             
[11] "      delta = 0.8 (Default)"                                                                                                                                              
[12] "      kappa = 0.75 (Default)"                                                                                                                                             
[13] "      t0 = 10 (Default)"                                                                                                                                                  
[14] "      init_buffer = 75 (Default)"                                                                                                                                         
[15] "      term_buffer = 50 (Default)"                                                                                                                                         
[16] "      window = 25 (Default)"                                                                                                                                              
[17] "      save_metric = false (Default)"                                                                                                                                      
[18] "    algorithm = hmc (Default)"                                                                                                                                            
[19] "      hmc"                                                                                                                                                                
[20] "        engine = nuts (Default)"                                                                                                                                          
[21] "          nuts"                                                                                                                                                           
[22] "            max_depth = 10 (Default)"                                                                                                                                     
[23] "        metric = diag_e (Default)"                                                                                                                                        
[24] "        metric_file =  (Default)"                                                                                                                                         
[25] "        stepsize = 1 (Default)"                                                                                                                                           
[26] "        stepsize_jitter = 0 (Default)"                                                                                                                                    
[27] "    num_chains = 1 (Default)"                                                                                                                                             
[28] "id = 1 (Default)"                                                                                                                                                         
[29] "data"                                                                                                                                                                     
[30] "  file = /var/folders/wx/6p8jgr7s0nx_7lx14s4gf99c0000gn/T/RtmpAMHewn/standata-aafb1bd99faf.json"                                                                          
[31] "init = /var/folders/wx/6p8jgr7s0nx_7lx14s4gf99c0000gn/T/RtmpAMHewn/init-aafb6c82a871_1.json"                                                                              
[32] "random"                                                                                                                                                                   
[33] "  seed = 1839451897"                                                                                                                                                      
[34] "output"                                                                                                                                                                   
[35] "  file = /var/folders/wx/6p8jgr7s0nx_7lx14s4gf99c0000gn/T/RtmpAMHewn/lilace-202509040259-1-2d3c3a.csv"                                                                    
[36] "  diagnostic_file =  (Default)"                                                                                                                                           
[37] "  refresh = 250"                                                                                                                                                          
[38] "  sig_figs = 8 (Default)"                                                                                                                                                 
[39] "  profile_file = /var/folders/wx/6p8jgr7s0nx_7lx14s4gf99c0000gn/T/RtmpAMHewn/lilace-profile-202509040259-1-10e6ac.csv"                                                    
[40] "  save_cmdstan_config = false (Default)"                                                                                                                                  
[41] "num_threads = 1 (Default)"                                                                                                                                                
[42] ""                                                                                                                                                                         
[43] "Rejecting initial value:"                                                                                                                                                 
[44] "  Log probability evaluates to log(0), i.e. negative infinity."                                                                                                           
[45] "  Stan can't start sampling from this initial value."                                                                                                                     
[46] "Rejecting initial value:"                                                                                                                                                 
[47] "  Log probability evaluates to log(0), i.e. negative infinity."                                                                                                           
[48] "  Stan can't start sampling from this initial value."                                                                                                                     
[49] ""                                                                                                                                                                         
[50] "Gradient evaluation took 0.034931 seconds"                                                                                                                                
[51] "1000 transitions using 10 leapfrog steps per transition would take 349.31 seconds."                                                                                       
[52] "Adjust your expectations accordingly!"                                                                                                                                    
[53] ""                                                                                                                                                                         
[54] ""                                                                                                                                                                         
[55] "Informational Message: The current Metropolis proposal is about to be rejected because of the following issue:"                                                           
[56] "Exception: Phi: x is nan, but must be not nan! (in '/var/folders/wx/6p8jgr7s0nx_7lx14s4gf99c0000gn/T/RtmpAMHewn/model-aafb14544a92.stan', line 88, column 2 to column 65)"
[57] "If this warning occurs sporadically, such as for highly constrained variable types like covariance matrices, then the sampler is fine,"                                   
[58] "but if this warning occurs often then your model may be either severely ill-conditioned or misspecified."                                                                 
[59] ""                                                                                                                                                                         
[60] "Informational Message: The current Metropolis proposal is about to be rejected because of the following issue:"                                                           
[61] "Exception: Phi: x is nan, but must be not nan! (in '/var/folders/wx/6p8jgr7s0nx_7lx14s4gf99c0000gn/T/RtmpAMHewn/model-aafb14544a92.stan', line 88, column 2 to column 65)"
[62] "If this warning occurs sporadically, such as for highly constrained variable types like covariance matrices, then the sampler is fine,"                                   
[63] "but if this warning occurs often then your model may be either severely ill-conditioned or misspecified."                                                                 
[64] ""                                                                                                                                                                         
[65] "Informational Message: The current Metropolis proposal is about to be rejected because of the following issue:"                                                           
[66] "Exception: Phi: x is nan, but must be not nan! (in '/var/folders/wx/6p8jgr7s0nx_7lx14s4gf99c0000gn/T/RtmpAMHewn/model-aafb14544a92.stan', line 88, column 2 to column 65)"
[67] "If this warning occurs sporadically, such as for highly constrained variable types like covariance matrices, then the sampler is fine,"                                   
[68] "but if this warning occurs often then your model may be either severely ill-conditioned or misspecified."                                                                 
[69] ""                                                                                                                                                                         
[70] "Iteration:    1 / 2000 [  0%]  (Warmup)"                                                                                                                                  
[71] "Informational Message: The current Metropolis proposal is about to be rejected because of the following issue:"                                                           
[72] "Exception: Phi: x is nan, but must be not nan! (in '/var/folders/wx/6p8jgr7s0nx_7lx14s4gf99c0000gn/T/RtmpAMHewn/model-aafb14544a92.stan', line 88, column 2 to column 65)"
[73] "If this warning occurs sporadically, such as for highly constrained variable types like covariance matrices, then the sampler is fine,"                                   
[74] "but if this warning occurs often then your model may be either severely ill-conditioned or misspecified."                                                                 
[75] ""                                                                                                                                                                         
[76] "Iteration:  250 / 2000 [ 12%]  (Warmup)"                                                                                                                                  
[77] "Iteration:  500 / 2000 [ 25%]  (Warmup)"                                                                                                                                  
[78] "Iteration:  750 / 2000 [ 37%]  (Warmup)"                                                                                                                                  
[79] "Iteration: 1000 / 2000 [ 50%]  (Warmup)"                                                                                                                                  
[80] "Iteration: 1001 / 2000 [ 50%]  (Sampling)"                                                                                                                                
[81] "Iteration: 1250 / 2000 [ 62%]  (Sampling)"                                                                                                                                
[82] "Iteration: 1500 / 2000 [ 75%]  (Sampling)"                                                                                                                                
[83] "Iteration: 1750 / 2000 [ 87%]  (Sampling)"                                                                                                                                
[84] "Iteration: 2000 / 2000 [100%]  (Sampling)"                                                                                                                                
[85] ""                                                                                                                                                                         
[86] " Elapsed Time: 3201.57 seconds (Warm-up)"                                                                                                                                 
[87] "               1408.33 seconds (Sampling)"                                                                                                                                
[88] "               4609.9 seconds (Total)"                                                                                                                                    
[89] ""                                                                                                                                                                         

[[2]]
 [1] ""                                                                                                                                                                         
 [2] "method = sample (Default)"                                                                                                                                                
 [3] "  sample"                                                                                                                                                                 
 [4] "    num_samples = 1000 (Default)"                                                                                                                                         
 [5] "    num_warmup = 1000 (Default)"                                                                                                                                          
 [6] "    save_warmup = false (Default)"                                                                                                                                        
 [7] "    thin = 1 (Default)"                                                                                                                                                   
 [8] "    adapt"                                                                                                                                                                
 [9] "      engaged = true (Default)"                                                                                                                                           
[10] "      gamma = 0.05 (Default)"                                                                                                                                             
[11] "      delta = 0.8 (Default)"                                                                                                                                              
[12] "      kappa = 0.75 (Default)"                                                                                                                                             
[13] "      t0 = 10 (Default)"                                                                                                                                                  
[14] "      init_buffer = 75 (Default)"                                                                                                                                         
[15] "      term_buffer = 50 (Default)"                                                                                                                                         
[16] "      window = 25 (Default)"                                                                                                                                              
[17] "      save_metric = false (Default)"                                                                                                                                      
[18] "    algorithm = hmc (Default)"                                                                                                                                            
[19] "      hmc"                                                                                                                                                                
[20] "        engine = nuts (Default)"                                                                                                                                          
[21] "          nuts"                                                                                                                                                           
[22] "            max_depth = 10 (Default)"                                                                                                                                     
[23] "        metric = diag_e (Default)"                                                                                                                                        
[24] "        metric_file =  (Default)"                                                                                                                                         
[25] "        stepsize = 1 (Default)"                                                                                                                                           
[26] "        stepsize_jitter = 0 (Default)"                                                                                                                                    
[27] "    num_chains = 1 (Default)"                                                                                                                                             
[28] "id = 2"                                                                                                                                                                   
[29] "data"                                                                                                                                                                     
[30] "  file = /var/folders/wx/6p8jgr7s0nx_7lx14s4gf99c0000gn/T/RtmpAMHewn/standata-aafb1bd99faf.json"                                                                          
[31] "init = /var/folders/wx/6p8jgr7s0nx_7lx14s4gf99c0000gn/T/RtmpAMHewn/init-aafb6c82a871_2.json"                                                                              
[32] "random"                                                                                                                                                                   
[33] "  seed = 1839451897"                                                                                                                                                      
[34] "output"                                                                                                                                                                   
[35] "  file = /var/folders/wx/6p8jgr7s0nx_7lx14s4gf99c0000gn/T/RtmpAMHewn/lilace-202509040259-2-2d3c3a.csv"                                                                    
[36] "  diagnostic_file =  (Default)"                                                                                                                                           
[37] "  refresh = 250"                                                                                                                                                          
[38] "  sig_figs = 8 (Default)"                                                                                                                                                 
[39] "  profile_file = /var/folders/wx/6p8jgr7s0nx_7lx14s4gf99c0000gn/T/RtmpAMHewn/lilace-profile-202509040259-2-10e6ac.csv"                                                    
[40] "  save_cmdstan_config = false (Default)"                                                                                                                                  
[41] "num_threads = 1 (Default)"                                                                                                                                                
[42] ""                                                                                                                                                                         
[43] ""                                                                                                                                                                         
[44] "Gradient evaluation took 0.034693 seconds"                                                                                                                                
[45] "1000 transitions using 10 leapfrog steps per transition would take 346.93 seconds."                                                                                       
[46] "Adjust your expectations accordingly!"                                                                                                                                    
[47] ""                                                                                                                                                                         
[48] ""                                                                                                                                                                         
[49] "Informational Message: The current Metropolis proposal is about to be rejected because of the following issue:"                                                           
[50] "Exception: Phi: x is nan, but must be not nan! (in '/var/folders/wx/6p8jgr7s0nx_7lx14s4gf99c0000gn/T/RtmpAMHewn/model-aafb14544a92.stan', line 88, column 2 to column 65)"
[51] "If this warning occurs sporadically, such as for highly constrained variable types like covariance matrices, then the sampler is fine,"                                   
[52] "but if this warning occurs often then your model may be either severely ill-conditioned or misspecified."                                                                 
[53] ""                                                                                                                                                                         
[54] "Informational Message: The current Metropolis proposal is about to be rejected because of the following issue:"                                                           
[55] "Exception: Phi: x is nan, but must be not nan! (in '/var/folders/wx/6p8jgr7s0nx_7lx14s4gf99c0000gn/T/RtmpAMHewn/model-aafb14544a92.stan', line 88, column 2 to column 65)"
[56] "If this warning occurs sporadically, such as for highly constrained variable types like covariance matrices, then the sampler is fine,"                                   
[57] "but if this warning occurs often then your model may be either severely ill-conditioned or misspecified."                                                                 
[58] ""                                                                                                                                                                         
[59] "Informational Message: The current Metropolis proposal is about to be rejected because of the following issue:"                                                           
[60] "Exception: Phi: x is nan, but must be not nan! (in '/var/folders/wx/6p8jgr7s0nx_7lx14s4gf99c0000gn/T/RtmpAMHewn/model-aafb14544a92.stan', line 88, column 2 to column 65)"
[61] "If this warning occurs sporadically, such as for highly constrained variable types like covariance matrices, then the sampler is fine,"                                   
[62] "but if this warning occurs often then your model may be either severely ill-conditioned or misspecified."                                                                 
[63] ""                                                                                                                                                                         
[64] "Iteration:    1 / 2000 [  0%]  (Warmup)"                                                                                                                                  
[65] "Informational Message: The current Metropolis proposal is about to be rejected because of the following issue:"                                                           
[66] "Exception: Phi: x is nan, but must be not nan! (in '/var/folders/wx/6p8jgr7s0nx_7lx14s4gf99c0000gn/T/RtmpAMHewn/model-aafb14544a92.stan', line 88, column 2 to column 65)"
[67] "If this warning occurs sporadically, such as for highly constrained variable types like covariance matrices, then the sampler is fine,"                                   
[68] "but if this warning occurs often then your model may be either severely ill-conditioned or misspecified."                                                                 
[69] ""                                                                                                                                                                         
[70] "Informational Message: The current Metropolis proposal is about to be rejected because of the following issue:"                                                           
[71] "Exception: Phi: x is nan, but must be not nan! (in '/var/folders/wx/6p8jgr7s0nx_7lx14s4gf99c0000gn/T/RtmpAMHewn/model-aafb14544a92.stan', line 88, column 2 to column 65)"
[72] "If this warning occurs sporadically, such as for highly constrained variable types like covariance matrices, then the sampler is fine,"                                   
[73] "but if this warning occurs often then your model may be either severely ill-conditioned or misspecified."                                                                 
[74] ""                                                                                                                                                                         
[75] "Iteration:  250 / 2000 [ 12%]  (Warmup)"                                                                                                                                  
[76] "Iteration:  500 / 2000 [ 25%]  (Warmup)"                                                                                                                                  
[77] "Iteration:  750 / 2000 [ 37%]  (Warmup)"                                                                                                                                  
[78] "Iteration: 1000 / 2000 [ 50%]  (Warmup)"                                                                                                                                  
[79] "Iteration: 1001 / 2000 [ 50%]  (Sampling)"                                                                                                                                
[80] "Iteration: 1250 / 2000 [ 62%]  (Sampling)"                                                                                                                                
[81] "Iteration: 1500 / 2000 [ 75%]  (Sampling)"                                                                                                                                
[82] "Iteration: 1750 / 2000 [ 87%]  (Sampling)"                                                                                                                                
[83] "Iteration: 2000 / 2000 [100%]  (Sampling)"                                                                                                                                
[84] ""                                                                                                                                                                         
[85] " Elapsed Time: 3161.23 seconds (Warm-up)"                                                                                                                                 
[86] "               1410.45 seconds (Sampling)"                                                                                                                                
[87] "               4571.68 seconds (Total)"                                                                                                                                   
[88] ""                                                                                                                                                                         

[[3]]
 [1] ""                                                                                                                                                                         
 [2] "method = sample (Default)"                                                                                                                                                
 [3] "  sample"                                                                                                                                                                 
 [4] "    num_samples = 1000 (Default)"                                                                                                                                         
 [5] "    num_warmup = 1000 (Default)"                                                                                                                                          
 [6] "    save_warmup = false (Default)"                                                                                                                                        
 [7] "    thin = 1 (Default)"                                                                                                                                                   
 [8] "    adapt"                                                                                                                                                                
 [9] "      engaged = true (Default)"                                                                                                                                           
[10] "      gamma = 0.05 (Default)"                                                                                                                                             
[11] "      delta = 0.8 (Default)"                                                                                                                                              
[12] "      kappa = 0.75 (Default)"                                                                                                                                             
[13] "      t0 = 10 (Default)"                                                                                                                                                  
[14] "      init_buffer = 75 (Default)"                                                                                                                                         
[15] "      term_buffer = 50 (Default)"                                                                                                                                         
[16] "      window = 25 (Default)"                                                                                                                                              
[17] "      save_metric = false (Default)"                                                                                                                                      
[18] "    algorithm = hmc (Default)"                                                                                                                                            
[19] "      hmc"                                                                                                                                                                
[20] "        engine = nuts (Default)"                                                                                                                                          
[21] "          nuts"                                                                                                                                                           
[22] "            max_depth = 10 (Default)"                                                                                                                                     
[23] "        metric = diag_e (Default)"                                                                                                                                        
[24] "        metric_file =  (Default)"                                                                                                                                         
[25] "        stepsize = 1 (Default)"                                                                                                                                           
[26] "        stepsize_jitter = 0 (Default)"                                                                                                                                    
[27] "    num_chains = 1 (Default)"                                                                                                                                             
[28] "id = 3"                                                                                                                                                                   
[29] "data"                                                                                                                                                                     
[30] "  file = /var/folders/wx/6p8jgr7s0nx_7lx14s4gf99c0000gn/T/RtmpAMHewn/standata-aafb1bd99faf.json"                                                                          
[31] "init = /var/folders/wx/6p8jgr7s0nx_7lx14s4gf99c0000gn/T/RtmpAMHewn/init-aafb6c82a871_3.json"                                                                              
[32] "random"                                                                                                                                                                   
[33] "  seed = 1839451897"                                                                                                                                                      
[34] "output"                                                                                                                                                                   
[35] "  file = /var/folders/wx/6p8jgr7s0nx_7lx14s4gf99c0000gn/T/RtmpAMHewn/lilace-202509040259-3-2d3c3a.csv"                                                                    
[36] "  diagnostic_file =  (Default)"                                                                                                                                           
[37] "  refresh = 250"                                                                                                                                                          
[38] "  sig_figs = 8 (Default)"                                                                                                                                                 
[39] "  profile_file = /var/folders/wx/6p8jgr7s0nx_7lx14s4gf99c0000gn/T/RtmpAMHewn/lilace-profile-202509040259-3-10e6ac.csv"                                                    
[40] "  save_cmdstan_config = false (Default)"                                                                                                                                  
[41] "num_threads = 1 (Default)"                                                                                                                                                
[42] ""                                                                                                                                                                         
[43] ""                                                                                                                                                                         
[44] "Gradient evaluation took 0.035377 seconds"                                                                                                                                
[45] "1000 transitions using 10 leapfrog steps per transition would take 353.77 seconds."                                                                                       
[46] "Adjust your expectations accordingly!"                                                                                                                                    
[47] ""                                                                                                                                                                         
[48] ""                                                                                                                                                                         
[49] "Informational Message: The current Metropolis proposal is about to be rejected because of the following issue:"                                                           
[50] "Exception: Phi: x is nan, but must be not nan! (in '/var/folders/wx/6p8jgr7s0nx_7lx14s4gf99c0000gn/T/RtmpAMHewn/model-aafb14544a92.stan', line 88, column 2 to column 65)"
[51] "If this warning occurs sporadically, such as for highly constrained variable types like covariance matrices, then the sampler is fine,"                                   
[52] "but if this warning occurs often then your model may be either severely ill-conditioned or misspecified."                                                                 
[53] ""                                                                                                                                                                         
[54] "Informational Message: The current Metropolis proposal is about to be rejected because of the following issue:"                                                           
[55] "Exception: Phi: x is nan, but must be not nan! (in '/var/folders/wx/6p8jgr7s0nx_7lx14s4gf99c0000gn/T/RtmpAMHewn/model-aafb14544a92.stan', line 88, column 2 to column 65)"
[56] "If this warning occurs sporadically, such as for highly constrained variable types like covariance matrices, then the sampler is fine,"                                   
[57] "but if this warning occurs often then your model may be either severely ill-conditioned or misspecified."                                                                 
[58] ""                                                                                                                                                                         
[59] "Informational Message: The current Metropolis proposal is about to be rejected because of the following issue:"                                                           
[60] "Exception: Phi: x is nan, but must be not nan! (in '/var/folders/wx/6p8jgr7s0nx_7lx14s4gf99c0000gn/T/RtmpAMHewn/model-aafb14544a92.stan', line 88, column 2 to column 65)"
[61] "If this warning occurs sporadically, such as for highly constrained variable types like covariance matrices, then the sampler is fine,"                                   
[62] "but if this warning occurs often then your model may be either severely ill-conditioned or misspecified."                                                                 
[63] ""                                                                                                                                                                         
[64] "Iteration:    1 / 2000 [  0%]  (Warmup)"                                                                                                                                  
[65] "Informational Message: The current Metropolis proposal is about to be rejected because of the following issue:"                                                           
[66] "Exception: Phi: x is nan, but must be not nan! (in '/var/folders/wx/6p8jgr7s0nx_7lx14s4gf99c0000gn/T/RtmpAMHewn/model-aafb14544a92.stan', line 88, column 2 to column 65)"
[67] "If this warning occurs sporadically, such as for highly constrained variable types like covariance matrices, then the sampler is fine,"                                   
[68] "but if this warning occurs often then your model may be either severely ill-conditioned or misspecified."                                                                 
[69] ""                                                                                                                                                                         
[70] "Iteration:  250 / 2000 [ 12%]  (Warmup)"                                                                                                                                  
[71] "Iteration:  500 / 2000 [ 25%]  (Warmup)"                                                                                                                                  
[72] "Iteration:  750 / 2000 [ 37%]  (Warmup)"                                                                                                                                  
[73] "Iteration: 1000 / 2000 [ 50%]  (Warmup)"                                                                                                                                  
[74] "Iteration: 1001 / 2000 [ 50%]  (Sampling)"                                                                                                                                
[75] "Iteration: 1250 / 2000 [ 62%]  (Sampling)"                                                                                                                                
[76] "Iteration: 1500 / 2000 [ 75%]  (Sampling)"                                                                                                                                
[77] "Iteration: 1750 / 2000 [ 87%]  (Sampling)"                                                                                                                                
[78] "Iteration: 2000 / 2000 [100%]  (Sampling)"                                                                                                                                
[79] ""                                                                                                                                                                         
[80] " Elapsed Time: 3406.1 seconds (Warm-up)"                                                                                                                                  
[81] "               711.534 seconds (Sampling)"                                                                                                                                
[82] "               4117.64 seconds (Total)"                                                                                                                                   
[83] ""                                                                                                                                                                         

[[4]]
 [1] ""                                                                                                                                                                         
 [2] "method = sample (Default)"                                                                                                                                                
 [3] "  sample"                                                                                                                                                                 
 [4] "    num_samples = 1000 (Default)"                                                                                                                                         
 [5] "    num_warmup = 1000 (Default)"                                                                                                                                          
 [6] "    save_warmup = false (Default)"                                                                                                                                        
 [7] "    thin = 1 (Default)"                                                                                                                                                   
 [8] "    adapt"                                                                                                                                                                
 [9] "      engaged = true (Default)"                                                                                                                                           
[10] "      gamma = 0.05 (Default)"                                                                                                                                             
[11] "      delta = 0.8 (Default)"                                                                                                                                              
[12] "      kappa = 0.75 (Default)"                                                                                                                                             
[13] "      t0 = 10 (Default)"                                                                                                                                                  
[14] "      init_buffer = 75 (Default)"                                                                                                                                         
[15] "      term_buffer = 50 (Default)"                                                                                                                                         
[16] "      window = 25 (Default)"                                                                                                                                              
[17] "      save_metric = false (Default)"                                                                                                                                      
[18] "    algorithm = hmc (Default)"                                                                                                                                            
[19] "      hmc"                                                                                                                                                                
[20] "        engine = nuts (Default)"                                                                                                                                          
[21] "          nuts"                                                                                                                                                           
[22] "            max_depth = 10 (Default)"                                                                                                                                     
[23] "        metric = diag_e (Default)"                                                                                                                                        
[24] "        metric_file =  (Default)"                                                                                                                                         
[25] "        stepsize = 1 (Default)"                                                                                                                                           
[26] "        stepsize_jitter = 0 (Default)"                                                                                                                                    
[27] "    num_chains = 1 (Default)"                                                                                                                                             
[28] "id = 4"                                                                                                                                                                   
[29] "data"                                                                                                                                                                     
[30] "  file = /var/folders/wx/6p8jgr7s0nx_7lx14s4gf99c0000gn/T/RtmpAMHewn/standata-aafb1bd99faf.json"                                                                          
[31] "init = /var/folders/wx/6p8jgr7s0nx_7lx14s4gf99c0000gn/T/RtmpAMHewn/init-aafb6c82a871_4.json"                                                                              
[32] "random"                                                                                                                                                                   
[33] "  seed = 1839451897"                                                                                                                                                      
[34] "output"                                                                                                                                                                   
[35] "  file = /var/folders/wx/6p8jgr7s0nx_7lx14s4gf99c0000gn/T/RtmpAMHewn/lilace-202509040259-4-2d3c3a.csv"                                                                    
[36] "  diagnostic_file =  (Default)"                                                                                                                                           
[37] "  refresh = 250"                                                                                                                                                          
[38] "  sig_figs = 8 (Default)"                                                                                                                                                 
[39] "  profile_file = /var/folders/wx/6p8jgr7s0nx_7lx14s4gf99c0000gn/T/RtmpAMHewn/lilace-profile-202509040259-4-10e6ac.csv"                                                    
[40] "  save_cmdstan_config = false (Default)"                                                                                                                                  
[41] "num_threads = 1 (Default)"                                                                                                                                                
[42] ""                                                                                                                                                                         
[43] "Rejecting initial value:"                                                                                                                                                 
[44] "  Log probability evaluates to log(0), i.e. negative infinity."                                                                                                           
[45] "  Stan can't start sampling from this initial value."                                                                                                                     
[46] "Rejecting initial value:"                                                                                                                                                 
[47] "  Log probability evaluates to log(0), i.e. negative infinity."                                                                                                           
[48] "  Stan can't start sampling from this initial value."                                                                                                                     
[49] ""                                                                                                                                                                         
[50] "Gradient evaluation took 0.034837 seconds"                                                                                                                                
[51] "1000 transitions using 10 leapfrog steps per transition would take 348.37 seconds."                                                                                       
[52] "Adjust your expectations accordingly!"                                                                                                                                    
[53] ""                                                                                                                                                                         
[54] ""                                                                                                                                                                         
[55] "Informational Message: The current Metropolis proposal is about to be rejected because of the following issue:"                                                           
[56] "Exception: Phi: x is nan, but must be not nan! (in '/var/folders/wx/6p8jgr7s0nx_7lx14s4gf99c0000gn/T/RtmpAMHewn/model-aafb14544a92.stan', line 88, column 2 to column 65)"
[57] "If this warning occurs sporadically, such as for highly constrained variable types like covariance matrices, then the sampler is fine,"                                   
[58] "but if this warning occurs often then your model may be either severely ill-conditioned or misspecified."                                                                 
[59] ""                                                                                                                                                                         
[60] "Informational Message: The current Metropolis proposal is about to be rejected because of the following issue:"                                                           
[61] "Exception: Phi: x is nan, but must be not nan! (in '/var/folders/wx/6p8jgr7s0nx_7lx14s4gf99c0000gn/T/RtmpAMHewn/model-aafb14544a92.stan', line 88, column 2 to column 65)"
[62] "If this warning occurs sporadically, such as for highly constrained variable types like covariance matrices, then the sampler is fine,"                                   
[63] "but if this warning occurs often then your model may be either severely ill-conditioned or misspecified."                                                                 
[64] ""                                                                                                                                                                         
[65] "Iteration:    1 / 2000 [  0%]  (Warmup)"                                                                                                                                  
[66] "Informational Message: The current Metropolis proposal is about to be rejected because of the following issue:"                                                           
[67] "Exception: Phi: x is nan, but must be not nan! (in '/var/folders/wx/6p8jgr7s0nx_7lx14s4gf99c0000gn/T/RtmpAMHewn/model-aafb14544a92.stan', line 88, column 2 to column 65)"
[68] "If this warning occurs sporadically, such as for highly constrained variable types like covariance matrices, then the sampler is fine,"                                   
[69] "but if this warning occurs often then your model may be either severely ill-conditioned or misspecified."                                                                 
[70] ""                                                                                                                                                                         
[71] "Informational Message: The current Metropolis proposal is about to be rejected because of the following issue:"                                                           
[72] "Exception: Phi: x is nan, but must be not nan! (in '/var/folders/wx/6p8jgr7s0nx_7lx14s4gf99c0000gn/T/RtmpAMHewn/model-aafb14544a92.stan', line 88, column 2 to column 65)"
[73] "If this warning occurs sporadically, such as for highly constrained variable types like covariance matrices, then the sampler is fine,"                                   
[74] "but if this warning occurs often then your model may be either severely ill-conditioned or misspecified."                                                                 
[75] ""                                                                                                                                                                         
[76] "Iteration:  250 / 2000 [ 12%]  (Warmup)"                                                                                                                                  
[77] "Iteration:  500 / 2000 [ 25%]  (Warmup)"                                                                                                                                  
[78] "Iteration:  750 / 2000 [ 37%]  (Warmup)"                                                                                                                                  
[79] "Iteration: 1000 / 2000 [ 50%]  (Warmup)"                                                                                                                                  
[80] "Iteration: 1001 / 2000 [ 50%]  (Sampling)"                                                                                                                                
[81] "Iteration: 1250 / 2000 [ 62%]  (Sampling)"                                                                                                                                
[82] "Iteration: 1500 / 2000 [ 75%]  (Sampling)"                                                                                                                                
[83] "Iteration: 1750 / 2000 [ 87%]  (Sampling)"                                                                                                                                
[84] "Iteration: 2000 / 2000 [100%]  (Sampling)"                                                                                                                                
[85] ""                                                                                                                                                                         
[86] " Elapsed Time: 3253.43 seconds (Warm-up)"                                                                                                                                 
[87] "               5934.96 seconds (Sampling)"                                                                                                                                
[88] "               9188.39 seconds (Total)"                                                                                                                                   
[89] ""                                                                                                                                                                         

