[[1]]
 [1] ""                                                                                                                                                                         
 [2] "method = sample (Default)"                                                                                                                                                
 [3] "  sample"                                                                                                                                                                 
 [4] "    num_samples = 1000 (Default)"                                                                                                                                         
 [5] "    num_warmup = 1000 (Default)"                                                                                                                                          
 [6] "    save_warmup = false (Default)"                                                                                                                                        
 [7] "    thin = 1 (Default)"                                                                                                                                                   
 [8] "    adapt"                                                                                                                                                                
 [9] "      engaged = true (Default)"                                                                                                                                           
[10] "      gamma = 0.05 (Default)"                                                                                                                                             
[11] "      delta = 0.8 (Default)"                                                                                                                                              
[12] "      kappa = 0.75 (Default)"                                                                                                                                             
[13] "      t0 = 10 (Default)"                                                                                                                                                  
[14] "      init_buffer = 75 (Default)"                                                                                                                                         
[15] "      term_buffer = 50 (Default)"                                                                                                                                         
[16] "      window = 25 (Default)"                                                                                                                                              
[17] "      save_metric = false (Default)"                                                                                                                                      
[18] "    algorithm = hmc (Default)"                                                                                                                                            
[19] "      hmc"                                                                                                                                                                
[20] "        engine = nuts (Default)"                                                                                                                                          
[21] "          nuts"                                                                                                                                                           
[22] "            max_depth = 10 (Default)"                                                                                                                                     
[23] "        metric = diag_e (Default)"                                                                                                                                        
[24] "        metric_file =  (Default)"                                                                                                                                         
[25] "        stepsize = 1 (Default)"                                                                                                                                           
[26] "        stepsize_jitter = 0 (Default)"                                                                                                                                    
[27] "    num_chains = 1 (Default)"                                                                                                                                             
[28] "id = 1 (Default)"                                                                                                                                                         
[29] "data"                                                                                                                                                                     
[30] "  file = /var/folders/wx/6p8jgr7s0nx_7lx14s4gf99c0000gn/T/RtmpAMHewn/standata-aafb3b88b008.json"                                                                          
[31] "init = /var/folders/wx/6p8jgr7s0nx_7lx14s4gf99c0000gn/T/RtmpAMHewn/init-aafbadcfbc1_1.json"                                                                               
[32] "random"                                                                                                                                                                   
[33] "  seed = 755903030"                                                                                                                                                       
[34] "output"                                                                                                                                                                   
[35] "  file = /var/folders/wx/6p8jgr7s0nx_7lx14s4gf99c0000gn/T/RtmpAMHewn/lilace-202509040141-1-683952.csv"                                                                    
[36] "  diagnostic_file =  (Default)"                                                                                                                                           
[37] "  refresh = 250"                                                                                                                                                          
[38] "  sig_figs = 8 (Default)"                                                                                                                                                 
[39] "  profile_file = /var/folders/wx/6p8jgr7s0nx_7lx14s4gf99c0000gn/T/RtmpAMHewn/lilace-profile-202509040141-1-80c817.csv"                                                    
[40] "  save_cmdstan_config = false (Default)"                                                                                                                                  
[41] "num_threads = 1 (Default)"                                                                                                                                                
[42] ""                                                                                                                                                                         
[43] ""                                                                                                                                                                         
[44] "Gradient evaluation took 0.032765 seconds"                                                                                                                                
[45] "1000 transitions using 10 leapfrog steps per transition would take 327.65 seconds."                                                                                       
[46] "Adjust your expectations accordingly!"                                                                                                                                    
[47] ""                                                                                                                                                                         
[48] ""                                                                                                                                                                         
[49] "Informational Message: The current Metropolis proposal is about to be rejected because of the following issue:"                                                           
[50] "Exception: Phi: x is nan, but must be not nan! (in '/var/folders/wx/6p8jgr7s0nx_7lx14s4gf99c0000gn/T/RtmpAMHewn/model-aafb14544a92.stan', line 88, column 2 to column 65)"
[51] "If this warning occurs sporadically, such as for highly constrained variable types like covariance matrices, then the sampler is fine,"                                   
[52] "but if this warning occurs often then your model may be either severely ill-conditioned or misspecified."                                                                 
[53] ""                                                                                                                                                                         
[54] "Informational Message: The current Metropolis proposal is about to be rejected because of the following issue:"                                                           
[55] "Exception: Phi: x is nan, but must be not nan! (in '/var/folders/wx/6p8jgr7s0nx_7lx14s4gf99c0000gn/T/RtmpAMHewn/model-aafb14544a92.stan', line 88, column 2 to column 65)"
[56] "If this warning occurs sporadically, such as for highly constrained variable types like covariance matrices, then the sampler is fine,"                                   
[57] "but if this warning occurs often then your model may be either severely ill-conditioned or misspecified."                                                                 
[58] ""                                                                                                                                                                         
[59] "Informational Message: The current Metropolis proposal is about to be rejected because of the following issue:"                                                           
[60] "Exception: Phi: x is nan, but must be not nan! (in '/var/folders/wx/6p8jgr7s0nx_7lx14s4gf99c0000gn/T/RtmpAMHewn/model-aafb14544a92.stan', line 88, column 2 to column 65)"
[61] "If this warning occurs sporadically, such as for highly constrained variable types like covariance matrices, then the sampler is fine,"                                   
[62] "but if this warning occurs often then your model may be either severely ill-conditioned or misspecified."                                                                 
[63] ""                                                                                                                                                                         
[64] "Iteration:    1 / 2000 [  0%]  (Warmup)"                                                                                                                                  
[65] "Informational Message: The current Metropolis proposal is about to be rejected because of the following issue:"                                                           
[66] "Exception: Phi: x is nan, but must be not nan! (in '/var/folders/wx/6p8jgr7s0nx_7lx14s4gf99c0000gn/T/RtmpAMHewn/model-aafb14544a92.stan', line 88, column 2 to column 65)"
[67] "If this warning occurs sporadically, such as for highly constrained variable types like covariance matrices, then the sampler is fine,"                                   
[68] "but if this warning occurs often then your model may be either severely ill-conditioned or misspecified."                                                                 
[69] ""                                                                                                                                                                         
[70] "Iteration:  250 / 2000 [ 12%]  (Warmup)"                                                                                                                                  
[71] "Iteration:  500 / 2000 [ 25%]  (Warmup)"                                                                                                                                  
[72] "Iteration:  750 / 2000 [ 37%]  (Warmup)"                                                                                                                                  
[73] "Iteration: 1000 / 2000 [ 50%]  (Warmup)"                                                                                                                                  
[74] "Iteration: 1001 / 2000 [ 50%]  (Sampling)"                                                                                                                                
[75] "Iteration: 1250 / 2000 [ 62%]  (Sampling)"                                                                                                                                
[76] "Iteration: 1500 / 2000 [ 75%]  (Sampling)"                                                                                                                                
[77] "Iteration: 1750 / 2000 [ 87%]  (Sampling)"                                                                                                                                
[78] "Iteration: 2000 / 2000 [100%]  (Sampling)"                                                                                                                                
[79] ""                                                                                                                                                                         
[80] " Elapsed Time: 3260.8 seconds (Warm-up)"                                                                                                                                  
[81] "               1398.4 seconds (Sampling)"                                                                                                                                 
[82] "               4659.2 seconds (Total)"                                                                                                                                    
[83] ""                                                                                                                                                                         

[[2]]
 [1] ""                                                                                                                                                                         
 [2] "method = sample (Default)"                                                                                                                                                
 [3] "  sample"                                                                                                                                                                 
 [4] "    num_samples = 1000 (Default)"                                                                                                                                         
 [5] "    num_warmup = 1000 (Default)"                                                                                                                                          
 [6] "    save_warmup = false (Default)"                                                                                                                                        
 [7] "    thin = 1 (Default)"                                                                                                                                                   
 [8] "    adapt"                                                                                                                                                                
 [9] "      engaged = true (Default)"                                                                                                                                           
[10] "      gamma = 0.05 (Default)"                                                                                                                                             
[11] "      delta = 0.8 (Default)"                                                                                                                                              
[12] "      kappa = 0.75 (Default)"                                                                                                                                             
[13] "      t0 = 10 (Default)"                                                                                                                                                  
[14] "      init_buffer = 75 (Default)"                                                                                                                                         
[15] "      term_buffer = 50 (Default)"                                                                                                                                         
[16] "      window = 25 (Default)"                                                                                                                                              
[17] "      save_metric = false (Default)"                                                                                                                                      
[18] "    algorithm = hmc (Default)"                                                                                                                                            
[19] "      hmc"                                                                                                                                                                
[20] "        engine = nuts (Default)"                                                                                                                                          
[21] "          nuts"                                                                                                                                                           
[22] "            max_depth = 10 (Default)"                                                                                                                                     
[23] "        metric = diag_e (Default)"                                                                                                                                        
[24] "        metric_file =  (Default)"                                                                                                                                         
[25] "        stepsize = 1 (Default)"                                                                                                                                           
[26] "        stepsize_jitter = 0 (Default)"                                                                                                                                    
[27] "    num_chains = 1 (Default)"                                                                                                                                             
[28] "id = 2"                                                                                                                                                                   
[29] "data"                                                                                                                                                                     
[30] "  file = /var/folders/wx/6p8jgr7s0nx_7lx14s4gf99c0000gn/T/RtmpAMHewn/standata-aafb3b88b008.json"                                                                          
[31] "init = /var/folders/wx/6p8jgr7s0nx_7lx14s4gf99c0000gn/T/RtmpAMHewn/init-aafbadcfbc1_2.json"                                                                               
[32] "random"                                                                                                                                                                   
[33] "  seed = 755903030"                                                                                                                                                       
[34] "output"                                                                                                                                                                   
[35] "  file = /var/folders/wx/6p8jgr7s0nx_7lx14s4gf99c0000gn/T/RtmpAMHewn/lilace-202509040141-2-683952.csv"                                                                    
[36] "  diagnostic_file =  (Default)"                                                                                                                                           
[37] "  refresh = 250"                                                                                                                                                          
[38] "  sig_figs = 8 (Default)"                                                                                                                                                 
[39] "  profile_file = /var/folders/wx/6p8jgr7s0nx_7lx14s4gf99c0000gn/T/RtmpAMHewn/lilace-profile-202509040141-2-80c817.csv"                                                    
[40] "  save_cmdstan_config = false (Default)"                                                                                                                                  
[41] "num_threads = 1 (Default)"                                                                                                                                                
[42] ""                                                                                                                                                                         
[43] ""                                                                                                                                                                         
[44] "Gradient evaluation took 0.032662 seconds"                                                                                                                                
[45] "1000 transitions using 10 leapfrog steps per transition would take 326.62 seconds."                                                                                       
[46] "Adjust your expectations accordingly!"                                                                                                                                    
[47] ""                                                                                                                                                                         
[48] ""                                                                                                                                                                         
[49] "Informational Message: The current Metropolis proposal is about to be rejected because of the following issue:"                                                           
[50] "Exception: Phi: x is nan, but must be not nan! (in '/var/folders/wx/6p8jgr7s0nx_7lx14s4gf99c0000gn/T/RtmpAMHewn/model-aafb14544a92.stan', line 88, column 2 to column 65)"
[51] "If this warning occurs sporadically, such as for highly constrained variable types like covariance matrices, then the sampler is fine,"                                   
[52] "but if this warning occurs often then your model may be either severely ill-conditioned or misspecified."                                                                 
[53] ""                                                                                                                                                                         
[54] "Informational Message: The current Metropolis proposal is about to be rejected because of the following issue:"                                                           
[55] "Exception: Phi: x is nan, but must be not nan! (in '/var/folders/wx/6p8jgr7s0nx_7lx14s4gf99c0000gn/T/RtmpAMHewn/model-aafb14544a92.stan', line 88, column 2 to column 65)"
[56] "If this warning occurs sporadically, such as for highly constrained variable types like covariance matrices, then the sampler is fine,"                                   
[57] "but if this warning occurs often then your model may be either severely ill-conditioned or misspecified."                                                                 
[58] ""                                                                                                                                                                         
[59] "Informational Message: The current Metropolis proposal is about to be rejected because of the following issue:"                                                           
[60] "Exception: Phi: x is nan, but must be not nan! (in '/var/folders/wx/6p8jgr7s0nx_7lx14s4gf99c0000gn/T/RtmpAMHewn/model-aafb14544a92.stan', line 88, column 2 to column 65)"
[61] "If this warning occurs sporadically, such as for highly constrained variable types like covariance matrices, then the sampler is fine,"                                   
[62] "but if this warning occurs often then your model may be either severely ill-conditioned or misspecified."                                                                 
[63] ""                                                                                                                                                                         
[64] "Iteration:    1 / 2000 [  0%]  (Warmup)"                                                                                                                                  
[65] "Informational Message: The current Metropolis proposal is about to be rejected because of the following issue:"                                                           
[66] "Exception: Phi: x is nan, but must be not nan! (in '/var/folders/wx/6p8jgr7s0nx_7lx14s4gf99c0000gn/T/RtmpAMHewn/model-aafb14544a92.stan', line 88, column 2 to column 65)"
[67] "If this warning occurs sporadically, such as for highly constrained variable types like covariance matrices, then the sampler is fine,"                                   
[68] "but if this warning occurs often then your model may be either severely ill-conditioned or misspecified."                                                                 
[69] ""                                                                                                                                                                         
[70] "Iteration:  250 / 2000 [ 12%]  (Warmup)"                                                                                                                                  
[71] "Iteration:  500 / 2000 [ 25%]  (Warmup)"                                                                                                                                  
[72] "Iteration:  750 / 2000 [ 37%]  (Warmup)"                                                                                                                                  
[73] "Iteration: 1000 / 2000 [ 50%]  (Warmup)"                                                                                                                                  
[74] "Iteration: 1001 / 2000 [ 50%]  (Sampling)"                                                                                                                                
[75] "Iteration: 1250 / 2000 [ 62%]  (Sampling)"                                                                                                                                
[76] "Iteration: 1500 / 2000 [ 75%]  (Sampling)"                                                                                                                                
[77] "Iteration: 1750 / 2000 [ 87%]  (Sampling)"                                                                                                                                
[78] "Iteration: 2000 / 2000 [100%]  (Sampling)"                                                                                                                                
[79] ""                                                                                                                                                                         
[80] " Elapsed Time: 3001.42 seconds (Warm-up)"                                                                                                                                 
[81] "               1601.68 seconds (Sampling)"                                                                                                                                
[82] "               4603.1 seconds (Total)"                                                                                                                                    
[83] ""                                                                                                                                                                         

[[3]]
 [1] ""                                                                                                                                                                         
 [2] "method = sample (Default)"                                                                                                                                                
 [3] "  sample"                                                                                                                                                                 
 [4] "    num_samples = 1000 (Default)"                                                                                                                                         
 [5] "    num_warmup = 1000 (Default)"                                                                                                                                          
 [6] "    save_warmup = false (Default)"                                                                                                                                        
 [7] "    thin = 1 (Default)"                                                                                                                                                   
 [8] "    adapt"                                                                                                                                                                
 [9] "      engaged = true (Default)"                                                                                                                                           
[10] "      gamma = 0.05 (Default)"                                                                                                                                             
[11] "      delta = 0.8 (Default)"                                                                                                                                              
[12] "      kappa = 0.75 (Default)"                                                                                                                                             
[13] "      t0 = 10 (Default)"                                                                                                                                                  
[14] "      init_buffer = 75 (Default)"                                                                                                                                         
[15] "      term_buffer = 50 (Default)"                                                                                                                                         
[16] "      window = 25 (Default)"                                                                                                                                              
[17] "      save_metric = false (Default)"                                                                                                                                      
[18] "    algorithm = hmc (Default)"                                                                                                                                            
[19] "      hmc"                                                                                                                                                                
[20] "        engine = nuts (Default)"                                                                                                                                          
[21] "          nuts"                                                                                                                                                           
[22] "            max_depth = 10 (Default)"                                                                                                                                     
[23] "        metric = diag_e (Default)"                                                                                                                                        
[24] "        metric_file =  (Default)"                                                                                                                                         
[25] "        stepsize = 1 (Default)"                                                                                                                                           
[26] "        stepsize_jitter = 0 (Default)"                                                                                                                                    
[27] "    num_chains = 1 (Default)"                                                                                                                                             
[28] "id = 3"                                                                                                                                                                   
[29] "data"                                                                                                                                                                     
[30] "  file = /var/folders/wx/6p8jgr7s0nx_7lx14s4gf99c0000gn/T/RtmpAMHewn/standata-aafb3b88b008.json"                                                                          
[31] "init = /var/folders/wx/6p8jgr7s0nx_7lx14s4gf99c0000gn/T/RtmpAMHewn/init-aafbadcfbc1_3.json"                                                                               
[32] "random"                                                                                                                                                                   
[33] "  seed = 755903030"                                                                                                                                                       
[34] "output"                                                                                                                                                                   
[35] "  file = /var/folders/wx/6p8jgr7s0nx_7lx14s4gf99c0000gn/T/RtmpAMHewn/lilace-202509040141-3-683952.csv"                                                                    
[36] "  diagnostic_file =  (Default)"                                                                                                                                           
[37] "  refresh = 250"                                                                                                                                                          
[38] "  sig_figs = 8 (Default)"                                                                                                                                                 
[39] "  profile_file = /var/folders/wx/6p8jgr7s0nx_7lx14s4gf99c0000gn/T/RtmpAMHewn/lilace-profile-202509040141-3-80c817.csv"                                                    
[40] "  save_cmdstan_config = false (Default)"                                                                                                                                  
[41] "num_threads = 1 (Default)"                                                                                                                                                
[42] ""                                                                                                                                                                         
[43] ""                                                                                                                                                                         
[44] "Gradient evaluation took 0.035454 seconds"                                                                                                                                
[45] "1000 transitions using 10 leapfrog steps per transition would take 354.54 seconds."                                                                                       
[46] "Adjust your expectations accordingly!"                                                                                                                                    
[47] ""                                                                                                                                                                         
[48] ""                                                                                                                                                                         
[49] "Informational Message: The current Metropolis proposal is about to be rejected because of the following issue:"                                                           
[50] "Exception: Phi: x is nan, but must be not nan! (in '/var/folders/wx/6p8jgr7s0nx_7lx14s4gf99c0000gn/T/RtmpAMHewn/model-aafb14544a92.stan', line 88, column 2 to column 65)"
[51] "If this warning occurs sporadically, such as for highly constrained variable types like covariance matrices, then the sampler is fine,"                                   
[52] "but if this warning occurs often then your model may be either severely ill-conditioned or misspecified."                                                                 
[53] ""                                                                                                                                                                         
[54] "Informational Message: The current Metropolis proposal is about to be rejected because of the following issue:"                                                           
[55] "Exception: Phi: x is nan, but must be not nan! (in '/var/folders/wx/6p8jgr7s0nx_7lx14s4gf99c0000gn/T/RtmpAMHewn/model-aafb14544a92.stan', line 88, column 2 to column 65)"
[56] "If this warning occurs sporadically, such as for highly constrained variable types like covariance matrices, then the sampler is fine,"                                   
[57] "but if this warning occurs often then your model may be either severely ill-conditioned or misspecified."                                                                 
[58] ""                                                                                                                                                                         
[59] "Iteration:    1 / 2000 [  0%]  (Warmup)"                                                                                                                                  
[60] "Informational Message: The current Metropolis proposal is about to be rejected because of the following issue:"                                                           
[61] "Exception: Phi: x is nan, but must be not nan! (in '/var/folders/wx/6p8jgr7s0nx_7lx14s4gf99c0000gn/T/RtmpAMHewn/model-aafb14544a92.stan', line 88, column 2 to column 65)"
[62] "If this warning occurs sporadically, such as for highly constrained variable types like covariance matrices, then the sampler is fine,"                                   
[63] "but if this warning occurs often then your model may be either severely ill-conditioned or misspecified."                                                                 
[64] ""                                                                                                                                                                         
[65] "Iteration:  250 / 2000 [ 12%]  (Warmup)"                                                                                                                                  
[66] "Iteration:  500 / 2000 [ 25%]  (Warmup)"                                                                                                                                  
[67] "Iteration:  750 / 2000 [ 37%]  (Warmup)"                                                                                                                                  
[68] "Iteration: 1000 / 2000 [ 50%]  (Warmup)"                                                                                                                                  
[69] "Iteration: 1001 / 2000 [ 50%]  (Sampling)"                                                                                                                                
[70] "Iteration: 1250 / 2000 [ 62%]  (Sampling)"                                                                                                                                
[71] "Iteration: 1500 / 2000 [ 75%]  (Sampling)"                                                                                                                                
[72] "Iteration: 1750 / 2000 [ 87%]  (Sampling)"                                                                                                                                
[73] "Iteration: 2000 / 2000 [100%]  (Sampling)"                                                                                                                                
[74] ""                                                                                                                                                                         
[75] " Elapsed Time: 3257.49 seconds (Warm-up)"                                                                                                                                 
[76] "               1262.53 seconds (Sampling)"                                                                                                                                
[77] "               4520.02 seconds (Total)"                                                                                                                                   
[78] ""                                                                                                                                                                         

[[4]]
 [1] ""                                                                                                                                                                         
 [2] "method = sample (Default)"                                                                                                                                                
 [3] "  sample"                                                                                                                                                                 
 [4] "    num_samples = 1000 (Default)"                                                                                                                                         
 [5] "    num_warmup = 1000 (Default)"                                                                                                                                          
 [6] "    save_warmup = false (Default)"                                                                                                                                        
 [7] "    thin = 1 (Default)"                                                                                                                                                   
 [8] "    adapt"                                                                                                                                                                
 [9] "      engaged = true (Default)"                                                                                                                                           
[10] "      gamma = 0.05 (Default)"                                                                                                                                             
[11] "      delta = 0.8 (Default)"                                                                                                                                              
[12] "      kappa = 0.75 (Default)"                                                                                                                                             
[13] "      t0 = 10 (Default)"                                                                                                                                                  
[14] "      init_buffer = 75 (Default)"                                                                                                                                         
[15] "      term_buffer = 50 (Default)"                                                                                                                                         
[16] "      window = 25 (Default)"                                                                                                                                              
[17] "      save_metric = false (Default)"                                                                                                                                      
[18] "    algorithm = hmc (Default)"                                                                                                                                            
[19] "      hmc"                                                                                                                                                                
[20] "        engine = nuts (Default)"                                                                                                                                          
[21] "          nuts"                                                                                                                                                           
[22] "            max_depth = 10 (Default)"                                                                                                                                     
[23] "        metric = diag_e (Default)"                                                                                                                                        
[24] "        metric_file =  (Default)"                                                                                                                                         
[25] "        stepsize = 1 (Default)"                                                                                                                                           
[26] "        stepsize_jitter = 0 (Default)"                                                                                                                                    
[27] "    num_chains = 1 (Default)"                                                                                                                                             
[28] "id = 4"                                                                                                                                                                   
[29] "data"                                                                                                                                                                     
[30] "  file = /var/folders/wx/6p8jgr7s0nx_7lx14s4gf99c0000gn/T/RtmpAMHewn/standata-aafb3b88b008.json"                                                                          
[31] "init = /var/folders/wx/6p8jgr7s0nx_7lx14s4gf99c0000gn/T/RtmpAMHewn/init-aafbadcfbc1_4.json"                                                                               
[32] "random"                                                                                                                                                                   
[33] "  seed = 755903030"                                                                                                                                                       
[34] "output"                                                                                                                                                                   
[35] "  file = /var/folders/wx/6p8jgr7s0nx_7lx14s4gf99c0000gn/T/RtmpAMHewn/lilace-202509040141-4-683952.csv"                                                                    
[36] "  diagnostic_file =  (Default)"                                                                                                                                           
[37] "  refresh = 250"                                                                                                                                                          
[38] "  sig_figs = 8 (Default)"                                                                                                                                                 
[39] "  profile_file = /var/folders/wx/6p8jgr7s0nx_7lx14s4gf99c0000gn/T/RtmpAMHewn/lilace-profile-202509040141-4-80c817.csv"                                                    
[40] "  save_cmdstan_config = false (Default)"                                                                                                                                  
[41] "num_threads = 1 (Default)"                                                                                                                                                
[42] ""                                                                                                                                                                         
[43] "Rejecting initial value:"                                                                                                                                                 
[44] "  Log probability evaluates to log(0), i.e. negative infinity."                                                                                                           
[45] "  Stan can't start sampling from this initial value."                                                                                                                     
[46] ""                                                                                                                                                                         
[47] "Gradient evaluation took 0.033341 seconds"                                                                                                                                
[48] "1000 transitions using 10 leapfrog steps per transition would take 333.41 seconds."                                                                                       
[49] "Adjust your expectations accordingly!"                                                                                                                                    
[50] ""                                                                                                                                                                         
[51] ""                                                                                                                                                                         
[52] "Informational Message: The current Metropolis proposal is about to be rejected because of the following issue:"                                                           
[53] "Exception: Phi: x is nan, but must be not nan! (in '/var/folders/wx/6p8jgr7s0nx_7lx14s4gf99c0000gn/T/RtmpAMHewn/model-aafb14544a92.stan', line 88, column 2 to column 65)"
[54] "If this warning occurs sporadically, such as for highly constrained variable types like covariance matrices, then the sampler is fine,"                                   
[55] "but if this warning occurs often then your model may be either severely ill-conditioned or misspecified."                                                                 
[56] ""                                                                                                                                                                         
[57] "Informational Message: The current Metropolis proposal is about to be rejected because of the following issue:"                                                           
[58] "Exception: Phi: x is nan, but must be not nan! (in '/var/folders/wx/6p8jgr7s0nx_7lx14s4gf99c0000gn/T/RtmpAMHewn/model-aafb14544a92.stan', line 88, column 2 to column 65)"
[59] "If this warning occurs sporadically, such as for highly constrained variable types like covariance matrices, then the sampler is fine,"                                   
[60] "but if this warning occurs often then your model may be either severely ill-conditioned or misspecified."                                                                 
[61] ""                                                                                                                                                                         
[62] "Informational Message: The current Metropolis proposal is about to be rejected because of the following issue:"                                                           
[63] "Exception: Phi: x is nan, but must be not nan! (in '/var/folders/wx/6p8jgr7s0nx_7lx14s4gf99c0000gn/T/RtmpAMHewn/model-aafb14544a92.stan', line 88, column 2 to column 65)"
[64] "If this warning occurs sporadically, such as for highly constrained variable types like covariance matrices, then the sampler is fine,"                                   
[65] "but if this warning occurs often then your model may be either severely ill-conditioned or misspecified."                                                                 
[66] ""                                                                                                                                                                         
[67] "Iteration:    1 / 2000 [  0%]  (Warmup)"                                                                                                                                  
[68] "Informational Message: The current Metropolis proposal is about to be rejected because of the following issue:"                                                           
[69] "Exception: Phi: x is nan, but must be not nan! (in '/var/folders/wx/6p8jgr7s0nx_7lx14s4gf99c0000gn/T/RtmpAMHewn/model-aafb14544a92.stan', line 88, column 2 to column 65)"
[70] "If this warning occurs sporadically, such as for highly constrained variable types like covariance matrices, then the sampler is fine,"                                   
[71] "but if this warning occurs often then your model may be either severely ill-conditioned or misspecified."                                                                 
[72] ""                                                                                                                                                                         
[73] "Iteration:  250 / 2000 [ 12%]  (Warmup)"                                                                                                                                  
[74] "Iteration:  500 / 2000 [ 25%]  (Warmup)"                                                                                                                                  
[75] "Iteration:  750 / 2000 [ 37%]  (Warmup)"                                                                                                                                  
[76] "Iteration: 1000 / 2000 [ 50%]  (Warmup)"                                                                                                                                  
[77] "Iteration: 1001 / 2000 [ 50%]  (Sampling)"                                                                                                                                
[78] "Iteration: 1250 / 2000 [ 62%]  (Sampling)"                                                                                                                                
[79] "Iteration: 1500 / 2000 [ 75%]  (Sampling)"                                                                                                                                
[80] "Iteration: 1750 / 2000 [ 87%]  (Sampling)"                                                                                                                                
[81] "Iteration: 2000 / 2000 [100%]  (Sampling)"                                                                                                                                
[82] ""                                                                                                                                                                         
[83] " Elapsed Time: 3119.06 seconds (Warm-up)"                                                                                                                                 
[84] "               1405.06 seconds (Sampling)"                                                                                                                                
[85] "               4524.12 seconds (Total)"                                                                                                                                   
[86] ""                                                                                                                                                                         

